{"E:\\CPSC 310\\cp123\\project_team092\\src\\controller\\IInsightFacade.js":{"path":"E:\\CPSC 310\\cp123\\project_team092\\src\\controller\\IInsightFacade.js","statementMap":{"0":{"start":{"line":2,"column":0},"end":{"line":2,"column":62}},"1":{"start":{"line":4,"column":0},"end":{"line":7,"column":89}},"2":{"start":{"line":5,"column":4},"end":{"line":5,"column":46}},"3":{"start":{"line":6,"column":4},"end":{"line":6,"column":42}},"4":{"start":{"line":10,"column":8},"end":{"line":10,"column":23}},"5":{"start":{"line":11,"column":8},"end":{"line":11,"column":52}},"6":{"start":{"line":14,"column":0},"end":{"line":14,"column":36}},"7":{"start":{"line":17,"column":8},"end":{"line":17,"column":23}},"8":{"start":{"line":18,"column":8},"end":{"line":18,"column":53}},"9":{"start":{"line":21,"column":0},"end":{"line":21,"column":38}},"10":{"start":{"line":24,"column":8},"end":{"line":24,"column":23}},"11":{"start":{"line":25,"column":8},"end":{"line":25,"column":59}},"12":{"start":{"line":28,"column":0},"end":{"line":28,"column":50}}},"fnMap":{"0":{"name":"(anonymous_0)","decl":{"start":{"line":4,"column":1},"end":{"line":4,"column":2}},"loc":{"start":{"line":4,"column":31},"end":{"line":7,"column":1}},"line":4},"1":{"name":"(anonymous_1)","decl":{"start":{"line":9,"column":4},"end":{"line":9,"column":5}},"loc":{"start":{"line":9,"column":25},"end":{"line":12,"column":5}},"line":9},"2":{"name":"(anonymous_2)","decl":{"start":{"line":16,"column":4},"end":{"line":16,"column":5}},"loc":{"start":{"line":16,"column":25},"end":{"line":19,"column":5}},"line":16},"3":{"name":"(anonymous_3)","decl":{"start":{"line":23,"column":4},"end":{"line":23,"column":5}},"loc":{"start":{"line":23,"column":25},"end":{"line":26,"column":5}},"line":23}},"branchMap":{"0":{"loc":{"start":{"line":7,"column":24},"end":{"line":7,"column":87}},"type":"binary-expr","locations":[{"start":{"line":7,"column":24},"end":{"line":7,"column":50}},{"start":{"line":7,"column":55},"end":{"line":7,"column":86}}],"line":7}},"s":{"0":1,"1":1,"2":1,"3":1,"4":167,"5":167,"6":1,"7":4,"8":4,"9":1,"10":6,"11":6,"12":1},"f":{"0":1,"1":167,"2":4,"3":6},"b":{"0":[1,1]},"_coverageSchema":"332fd63041d2c1bcb487cc26dd0d5f7d97098a6c","hash":"594659ee3d4125fcf7efcb416be58cd5a51ec1fe","contentHash":"4b99e12b705573b1449497e18d8e899d_11.3.0"},"E:\\CPSC 310\\cp123\\project_team092\\src\\controller\\InsightFacade.js":{"path":"E:\\CPSC 310\\cp123\\project_team092\\src\\controller\\InsightFacade.js","statementMap":{"0":{"start":{"line":2,"column":0},"end":{"line":2,"column":62}},"1":{"start":{"line":3,"column":15},"end":{"line":3,"column":33}},"2":{"start":{"line":4,"column":25},"end":{"line":4,"column":52}},"3":{"start":{"line":5,"column":22},"end":{"line":5,"column":46}},"4":{"start":{"line":6,"column":25},"end":{"line":6,"column":52}},"5":{"start":{"line":7,"column":22},"end":{"line":7,"column":46}},"6":{"start":{"line":10,"column":8},"end":{"line":10,"column":55}},"7":{"start":{"line":11,"column":8},"end":{"line":11,"column":39}},"8":{"start":{"line":12,"column":8},"end":{"line":12,"column":61}},"9":{"start":{"line":13,"column":8},"end":{"line":13,"column":55}},"10":{"start":{"line":14,"column":8},"end":{"line":14,"column":58}},"11":{"start":{"line":17,"column":8},"end":{"line":22,"column":9}},"12":{"start":{"line":18,"column":12},"end":{"line":18,"column":52}},"13":{"start":{"line":21,"column":12},"end":{"line":21,"column":54}},"14":{"start":{"line":25,"column":8},"end":{"line":48,"column":11}},"15":{"start":{"line":26,"column":12},"end":{"line":26,"column":57}},"16":{"start":{"line":28,"column":12},"end":{"line":28,"column":63}},"17":{"start":{"line":30,"column":12},"end":{"line":30,"column":61}},"18":{"start":{"line":32,"column":12},"end":{"line":32,"column":66}},"19":{"start":{"line":34,"column":12},"end":{"line":34,"column":68}},"20":{"start":{"line":36,"column":12},"end":{"line":36,"column":72}},"21":{"start":{"line":38,"column":12},"end":{"line":38,"column":66}},"22":{"start":{"line":40,"column":12},"end":{"line":40,"column":60}},"23":{"start":{"line":42,"column":12},"end":{"line":42,"column":71}},"24":{"start":{"line":44,"column":12},"end":{"line":44,"column":65}},"25":{"start":{"line":45,"column":12},"end":{"line":45,"column":82}},"26":{"start":{"line":47,"column":12},"end":{"line":47,"column":39}},"27":{"start":{"line":51,"column":8},"end":{"line":68,"column":11}},"28":{"start":{"line":52,"column":12},"end":{"line":52,"column":57}},"29":{"start":{"line":54,"column":12},"end":{"line":54,"column":63}},"30":{"start":{"line":56,"column":12},"end":{"line":56,"column":71}},"31":{"start":{"line":58,"column":12},"end":{"line":58,"column":57}},"32":{"start":{"line":60,"column":12},"end":{"line":60,"column":67}},"33":{"start":{"line":62,"column":12},"end":{"line":62,"column":71}},"34":{"start":{"line":64,"column":12},"end":{"line":64,"column":65}},"35":{"start":{"line":65,"column":12},"end":{"line":65,"column":82}},"36":{"start":{"line":67,"column":12},"end":{"line":67,"column":71}},"37":{"start":{"line":71,"column":8},"end":{"line":81,"column":11}},"38":{"start":{"line":72,"column":12},"end":{"line":72,"column":49}},"39":{"start":{"line":73,"column":12},"end":{"line":73,"column":39}},"40":{"start":{"line":75,"column":12},"end":{"line":80,"column":13}},"41":{"start":{"line":76,"column":16},"end":{"line":76,"column":75}},"42":{"start":{"line":79,"column":16},"end":{"line":79,"column":43}},"43":{"start":{"line":84,"column":8},"end":{"line":122,"column":9}},"44":{"start":{"line":85,"column":12},"end":{"line":88,"column":13}},"45":{"start":{"line":87,"column":16},"end":{"line":87,"column":75}},"46":{"start":{"line":89,"column":12},"end":{"line":93,"column":13}},"47":{"start":{"line":90,"column":16},"end":{"line":92,"column":17}},"48":{"start":{"line":91,"column":20},"end":{"line":91,"column":79}},"49":{"start":{"line":94,"column":12},"end":{"line":94,"column":51}},"50":{"start":{"line":95,"column":12},"end":{"line":95,"column":49}},"51":{"start":{"line":96,"column":12},"end":{"line":96,"column":57}},"52":{"start":{"line":97,"column":12},"end":{"line":97,"column":94}},"53":{"start":{"line":98,"column":12},"end":{"line":110,"column":13}},"54":{"start":{"line":99,"column":16},"end":{"line":103,"column":17}},"55":{"start":{"line":102,"column":20},"end":{"line":102,"column":79}},"56":{"start":{"line":106,"column":16},"end":{"line":109,"column":17}},"57":{"start":{"line":108,"column":20},"end":{"line":108,"column":79}},"58":{"start":{"line":111,"column":12},"end":{"line":111,"column":77}},"59":{"start":{"line":112,"column":12},"end":{"line":112,"column":81}},"60":{"start":{"line":113,"column":12},"end":{"line":113,"column":64}},"61":{"start":{"line":116,"column":12},"end":{"line":121,"column":13}},"62":{"start":{"line":117,"column":16},"end":{"line":117,"column":75}},"63":{"start":{"line":120,"column":16},"end":{"line":120,"column":43}},"64":{"start":{"line":125,"column":8},"end":{"line":125,"column":72}},"65":{"start":{"line":128,"column":0},"end":{"line":128,"column":32}}},"fnMap":{"0":{"name":"(anonymous_0)","decl":{"start":{"line":9,"column":4},"end":{"line":9,"column":5}},"loc":{"start":{"line":9,"column":18},"end":{"line":15,"column":5}},"line":9},"1":{"name":"(anonymous_1)","decl":{"start":{"line":16,"column":4},"end":{"line":16,"column":5}},"loc":{"start":{"line":16,"column":34},"end":{"line":23,"column":5}},"line":16},"2":{"name":"(anonymous_2)","decl":{"start":{"line":24,"column":4},"end":{"line":24,"column":5}},"loc":{"start":{"line":24,"column":32},"end":{"line":49,"column":5}},"line":24},"3":{"name":"(anonymous_3)","decl":{"start":{"line":25,"column":53},"end":{"line":25,"column":54}},"loc":{"start":{"line":25,"column":59},"end":{"line":27,"column":9}},"line":25},"4":{"name":"(anonymous_4)","decl":{"start":{"line":27,"column":16},"end":{"line":27,"column":17}},"loc":{"start":{"line":27,"column":29},"end":{"line":29,"column":9}},"line":27},"5":{"name":"(anonymous_5)","decl":{"start":{"line":29,"column":16},"end":{"line":29,"column":17}},"loc":{"start":{"line":29,"column":29},"end":{"line":31,"column":9}},"line":29},"6":{"name":"(anonymous_6)","decl":{"start":{"line":31,"column":16},"end":{"line":31,"column":17}},"loc":{"start":{"line":31,"column":28},"end":{"line":33,"column":9}},"line":31},"7":{"name":"(anonymous_7)","decl":{"start":{"line":33,"column":16},"end":{"line":33,"column":17}},"loc":{"start":{"line":33,"column":28},"end":{"line":35,"column":9}},"line":33},"8":{"name":"(anonymous_8)","decl":{"start":{"line":35,"column":16},"end":{"line":35,"column":17}},"loc":{"start":{"line":35,"column":28},"end":{"line":37,"column":9}},"line":35},"9":{"name":"(anonymous_9)","decl":{"start":{"line":37,"column":16},"end":{"line":37,"column":17}},"loc":{"start":{"line":37,"column":28},"end":{"line":39,"column":9}},"line":37},"10":{"name":"(anonymous_10)","decl":{"start":{"line":39,"column":16},"end":{"line":39,"column":17}},"loc":{"start":{"line":39,"column":28},"end":{"line":41,"column":9}},"line":39},"11":{"name":"(anonymous_11)","decl":{"start":{"line":41,"column":16},"end":{"line":41,"column":17}},"loc":{"start":{"line":41,"column":33},"end":{"line":43,"column":9}},"line":41},"12":{"name":"(anonymous_12)","decl":{"start":{"line":43,"column":16},"end":{"line":43,"column":17}},"loc":{"start":{"line":43,"column":33},"end":{"line":46,"column":9}},"line":43},"13":{"name":"(anonymous_13)","decl":{"start":{"line":46,"column":17},"end":{"line":46,"column":18}},"loc":{"start":{"line":46,"column":26},"end":{"line":48,"column":9}},"line":46},"14":{"name":"(anonymous_14)","decl":{"start":{"line":50,"column":4},"end":{"line":50,"column":5}},"loc":{"start":{"line":50,"column":34},"end":{"line":69,"column":5}},"line":50},"15":{"name":"(anonymous_15)","decl":{"start":{"line":51,"column":53},"end":{"line":51,"column":54}},"loc":{"start":{"line":51,"column":59},"end":{"line":53,"column":9}},"line":51},"16":{"name":"(anonymous_16)","decl":{"start":{"line":53,"column":16},"end":{"line":53,"column":17}},"loc":{"start":{"line":53,"column":29},"end":{"line":55,"column":9}},"line":53},"17":{"name":"(anonymous_17)","decl":{"start":{"line":55,"column":16},"end":{"line":55,"column":17}},"loc":{"start":{"line":55,"column":29},"end":{"line":57,"column":9}},"line":55},"18":{"name":"(anonymous_18)","decl":{"start":{"line":57,"column":16},"end":{"line":57,"column":17}},"loc":{"start":{"line":57,"column":25},"end":{"line":59,"column":9}},"line":57},"19":{"name":"(anonymous_19)","decl":{"start":{"line":59,"column":16},"end":{"line":59,"column":17}},"loc":{"start":{"line":59,"column":32},"end":{"line":61,"column":9}},"line":59},"20":{"name":"(anonymous_20)","decl":{"start":{"line":61,"column":16},"end":{"line":61,"column":17}},"loc":{"start":{"line":61,"column":33},"end":{"line":63,"column":9}},"line":61},"21":{"name":"(anonymous_21)","decl":{"start":{"line":63,"column":16},"end":{"line":63,"column":17}},"loc":{"start":{"line":63,"column":33},"end":{"line":66,"column":9}},"line":63},"22":{"name":"(anonymous_22)","decl":{"start":{"line":66,"column":17},"end":{"line":66,"column":18}},"loc":{"start":{"line":66,"column":26},"end":{"line":68,"column":9}},"line":66},"23":{"name":"(anonymous_23)","decl":{"start":{"line":70,"column":4},"end":{"line":70,"column":5}},"loc":{"start":{"line":70,"column":22},"end":{"line":82,"column":5}},"line":70},"24":{"name":"(anonymous_24)","decl":{"start":{"line":71,"column":56},"end":{"line":71,"column":57}},"loc":{"start":{"line":71,"column":62},"end":{"line":74,"column":9}},"line":71},"25":{"name":"(anonymous_25)","decl":{"start":{"line":74,"column":17},"end":{"line":74,"column":18}},"loc":{"start":{"line":74,"column":26},"end":{"line":81,"column":9}},"line":74},"26":{"name":"(anonymous_26)","decl":{"start":{"line":83,"column":4},"end":{"line":83,"column":5}},"loc":{"start":{"line":83,"column":24},"end":{"line":123,"column":5}},"line":83},"27":{"name":"(anonymous_27)","decl":{"start":{"line":124,"column":4},"end":{"line":124,"column":5}},"loc":{"start":{"line":124,"column":19},"end":{"line":126,"column":5}},"line":124}},"branchMap":{"0":{"loc":{"start":{"line":17,"column":8},"end":{"line":22,"column":9}},"type":"if","locations":[{"start":{"line":17,"column":8},"end":{"line":22,"column":9}},{"start":{"line":17,"column":8},"end":{"line":22,"column":9}}],"line":17},"1":{"loc":{"start":{"line":75,"column":12},"end":{"line":80,"column":13}},"type":"if","locations":[{"start":{"line":75,"column":12},"end":{"line":80,"column":13}},{"start":{"line":75,"column":12},"end":{"line":80,"column":13}}],"line":75},"2":{"loc":{"start":{"line":75,"column":16},"end":{"line":75,"column":115}},"type":"binary-expr","locations":[{"start":{"line":75,"column":16},"end":{"line":75,"column":63}},{"start":{"line":75,"column":67},"end":{"line":75,"column":115}}],"line":75},"3":{"loc":{"start":{"line":85,"column":12},"end":{"line":88,"column":13}},"type":"if","locations":[{"start":{"line":85,"column":12},"end":{"line":88,"column":13}},{"start":{"line":85,"column":12},"end":{"line":88,"column":13}}],"line":85},"4":{"loc":{"start":{"line":85,"column":16},"end":{"line":86,"column":55}},"type":"binary-expr","locations":[{"start":{"line":85,"column":16},"end":{"line":85,"column":30}},{"start":{"line":85,"column":34},"end":{"line":85,"column":68}},{"start":{"line":86,"column":19},"end":{"line":86,"column":55}}],"line":85},"5":{"loc":{"start":{"line":90,"column":16},"end":{"line":92,"column":17}},"type":"if","locations":[{"start":{"line":90,"column":16},"end":{"line":92,"column":17}},{"start":{"line":90,"column":16},"end":{"line":92,"column":17}}],"line":90},"6":{"loc":{"start":{"line":90,"column":20},"end":{"line":90,"column":85}},"type":"binary-expr","locations":[{"start":{"line":90,"column":20},"end":{"line":90,"column":37}},{"start":{"line":90,"column":41},"end":{"line":90,"column":56}},{"start":{"line":90,"column":60},"end":{"line":90,"column":85}}],"line":90},"7":{"loc":{"start":{"line":98,"column":12},"end":{"line":110,"column":13}},"type":"if","locations":[{"start":{"line":98,"column":12},"end":{"line":110,"column":13}},{"start":{"line":98,"column":12},"end":{"line":110,"column":13}}],"line":98},"8":{"loc":{"start":{"line":99,"column":16},"end":{"line":103,"column":17}},"type":"if","locations":[{"start":{"line":99,"column":16},"end":{"line":103,"column":17}},{"start":{"line":99,"column":16},"end":{"line":103,"column":17}}],"line":99},"9":{"loc":{"start":{"line":99,"column":22},"end":{"line":101,"column":73}},"type":"binary-expr","locations":[{"start":{"line":99,"column":22},"end":{"line":99,"column":68}},{"start":{"line":100,"column":23},"end":{"line":100,"column":89}},{"start":{"line":101,"column":23},"end":{"line":101,"column":73}}],"line":99},"10":{"loc":{"start":{"line":106,"column":16},"end":{"line":109,"column":17}},"type":"if","locations":[{"start":{"line":106,"column":16},"end":{"line":109,"column":17}},{"start":{"line":106,"column":16},"end":{"line":109,"column":17}}],"line":106},"11":{"loc":{"start":{"line":106,"column":22},"end":{"line":107,"column":73}},"type":"binary-expr","locations":[{"start":{"line":106,"column":22},"end":{"line":106,"column":68}},{"start":{"line":107,"column":23},"end":{"line":107,"column":73}}],"line":106},"12":{"loc":{"start":{"line":116,"column":12},"end":{"line":121,"column":13}},"type":"if","locations":[{"start":{"line":116,"column":12},"end":{"line":121,"column":13}},{"start":{"line":116,"column":12},"end":{"line":121,"column":13}}],"line":116},"13":{"loc":{"start":{"line":116,"column":16},"end":{"line":116,"column":121}},"type":"binary-expr","locations":[{"start":{"line":116,"column":16},"end":{"line":116,"column":63}},{"start":{"line":116,"column":67},"end":{"line":116,"column":121}}],"line":116}},"s":{"0":1,"1":1,"2":1,"3":1,"4":1,"5":1,"6":36,"7":36,"8":36,"9":36,"10":36,"11":36,"12":7,"13":29,"14":7,"15":7,"16":7,"17":6,"18":6,"19":6,"20":6,"21":6,"22":6,"23":6,"24":6,"25":6,"26":1,"27":29,"28":23,"29":18,"30":16,"31":16,"32":16,"33":13,"34":13,"35":13,"36":16,"37":6,"38":1,"39":1,"40":5,"41":0,"42":5,"43":194,"44":194,"45":7,"46":187,"47":401,"48":2,"49":185,"50":185,"51":185,"52":185,"53":185,"54":26,"55":13,"56":159,"57":108,"58":56,"59":56,"60":56,"61":8,"62":8,"63":0,"64":6,"65":1},"f":{"0":36,"1":36,"2":7,"3":7,"4":7,"5":6,"6":6,"7":6,"8":6,"9":6,"10":6,"11":6,"12":6,"13":1,"14":29,"15":23,"16":18,"17":16,"18":16,"19":16,"20":13,"21":13,"22":16,"23":6,"24":1,"25":5,"26":194,"27":6},"b":{"0":[7,29],"1":[0,5],"2":[5,2],"3":[7,187],"4":[194,193,189],"5":[2,399],"6":[401,215,28],"7":[26,159],"8":[13,12],"9":[26,26,12],"10":[108,44],"11":[159,72],"12":[8,0],"13":[8,8]},"_coverageSchema":"332fd63041d2c1bcb487cc26dd0d5f7d97098a6c","hash":"33507bde1de55e30ec8f256f76d068ecf7944d2b","contentHash":"c1fc9279902103689cb0cbbcbae4b96e_11.3.0"},"E:\\CPSC 310\\cp123\\project_team092\\src\\Util.js":{"path":"E:\\CPSC 310\\cp123\\project_team092\\src\\Util.js","statementMap":{"0":{"start":{"line":2,"column":0},"end":{"line":2,"column":62}},"1":{"start":{"line":5,"column":8},"end":{"line":5,"column":67}},"2":{"start":{"line":8,"column":8},"end":{"line":8,"column":68}},"3":{"start":{"line":11,"column":8},"end":{"line":11,"column":68}},"4":{"start":{"line":14,"column":8},"end":{"line":14,"column":69}},"5":{"start":{"line":17,"column":8},"end":{"line":17,"column":67}},"6":{"start":{"line":20,"column":0},"end":{"line":20,"column":22}}},"fnMap":{"0":{"name":"(anonymous_0)","decl":{"start":{"line":4,"column":4},"end":{"line":4,"column":5}},"loc":{"start":{"line":4,"column":25},"end":{"line":6,"column":5}},"line":4},"1":{"name":"(anonymous_1)","decl":{"start":{"line":7,"column":4},"end":{"line":7,"column":5}},"loc":{"start":{"line":7,"column":24},"end":{"line":9,"column":5}},"line":7},"2":{"name":"(anonymous_2)","decl":{"start":{"line":10,"column":4},"end":{"line":10,"column":5}},"loc":{"start":{"line":10,"column":24},"end":{"line":12,"column":5}},"line":10},"3":{"name":"(anonymous_3)","decl":{"start":{"line":13,"column":4},"end":{"line":13,"column":5}},"loc":{"start":{"line":13,"column":25},"end":{"line":15,"column":5}},"line":13},"4":{"name":"(anonymous_4)","decl":{"start":{"line":16,"column":4},"end":{"line":16,"column":5}},"loc":{"start":{"line":16,"column":24},"end":{"line":18,"column":5}},"line":16}},"branchMap":{},"s":{"0":1,"1":36,"2":0,"3":0,"4":0,"5":74,"6":1},"f":{"0":36,"1":0,"2":0,"3":0,"4":74},"b":{},"_coverageSchema":"332fd63041d2c1bcb487cc26dd0d5f7d97098a6c","hash":"0f250f83a188e095b39edacfd446aebe4e823fdd","contentHash":"b2b9e9fd9fbd265819b42e2f71ef8da6_11.3.0"},"E:\\CPSC 310\\cp123\\project_team092\\src\\controller\\DataHandler.js":{"path":"E:\\CPSC 310\\cp123\\project_team092\\src\\controller\\DataHandler.js","statementMap":{"0":{"start":{"line":2,"column":0},"end":{"line":2,"column":62}},"1":{"start":{"line":3,"column":25},"end":{"line":3,"column":52}},"2":{"start":{"line":4,"column":14},"end":{"line":4,"column":30}},"3":{"start":{"line":5,"column":11},"end":{"line":5,"column":30}},"4":{"start":{"line":6,"column":26},"end":{"line":6,"column":54}},"5":{"start":{"line":7,"column":28},"end":{"line":7,"column":58}},"6":{"start":{"line":10,"column":8},"end":{"line":10,"column":29}},"7":{"start":{"line":11,"column":8},"end":{"line":11,"column":29}},"8":{"start":{"line":12,"column":8},"end":{"line":12,"column":31}},"9":{"start":{"line":13,"column":8},"end":{"line":13,"column":63}},"10":{"start":{"line":14,"column":8},"end":{"line":14,"column":67}},"11":{"start":{"line":17,"column":8},"end":{"line":31,"column":9}},"12":{"start":{"line":18,"column":12},"end":{"line":18,"column":24}},"13":{"start":{"line":21,"column":24},"end":{"line":21,"column":25}},"14":{"start":{"line":22,"column":12},"end":{"line":29,"column":13}},"15":{"start":{"line":23,"column":16},"end":{"line":25,"column":17}},"16":{"start":{"line":24,"column":20},"end":{"line":24,"column":28}},"17":{"start":{"line":26,"column":16},"end":{"line":28,"column":17}},"18":{"start":{"line":27,"column":20},"end":{"line":27,"column":32}},"19":{"start":{"line":30,"column":12},"end":{"line":30,"column":39}},"20":{"start":{"line":34,"column":8},"end":{"line":34,"column":31}},"21":{"start":{"line":37,"column":8},"end":{"line":37,"column":57}},"22":{"start":{"line":40,"column":8},"end":{"line":40,"column":27}},"23":{"start":{"line":41,"column":8},"end":{"line":43,"column":9}},"24":{"start":{"line":42,"column":12},"end":{"line":42,"column":71}},"25":{"start":{"line":44,"column":8},"end":{"line":46,"column":9}},"26":{"start":{"line":45,"column":12},"end":{"line":45,"column":72}},"27":{"start":{"line":47,"column":8},"end":{"line":47,"column":33}},"28":{"start":{"line":50,"column":8},"end":{"line":50,"column":27}},"29":{"start":{"line":51,"column":8},"end":{"line":53,"column":9}},"30":{"start":{"line":52,"column":12},"end":{"line":52,"column":71}},"31":{"start":{"line":54,"column":8},"end":{"line":56,"column":9}},"32":{"start":{"line":55,"column":12},"end":{"line":55,"column":72}},"33":{"start":{"line":57,"column":8},"end":{"line":57,"column":33}},"34":{"start":{"line":60,"column":8},"end":{"line":66,"column":9}},"35":{"start":{"line":61,"column":12},"end":{"line":61,"column":28}},"36":{"start":{"line":62,"column":12},"end":{"line":62,"column":65}},"37":{"start":{"line":65,"column":12},"end":{"line":65,"column":71}},"38":{"start":{"line":69,"column":8},"end":{"line":69,"column":61}},"39":{"start":{"line":72,"column":8},"end":{"line":72,"column":77}},"40":{"start":{"line":75,"column":8},"end":{"line":75,"column":69}},"41":{"start":{"line":78,"column":8},"end":{"line":78,"column":63}},"42":{"start":{"line":81,"column":8},"end":{"line":81,"column":71}},"43":{"start":{"line":84,"column":8},"end":{"line":84,"column":85}},"44":{"start":{"line":88,"column":8},"end":{"line":93,"column":9}},"45":{"start":{"line":89,"column":12},"end":{"line":89,"column":47}},"46":{"start":{"line":91,"column":13},"end":{"line":93,"column":9}},"47":{"start":{"line":92,"column":12},"end":{"line":92,"column":45}},"48":{"start":{"line":94,"column":8},"end":{"line":96,"column":9}},"49":{"start":{"line":95,"column":12},"end":{"line":95,"column":71}},"50":{"start":{"line":97,"column":8},"end":{"line":97,"column":40}},"51":{"start":{"line":100,"column":8},"end":{"line":100,"column":73}},"52":{"start":{"line":103,"column":8},"end":{"line":103,"column":64}},"53":{"start":{"line":106,"column":8},"end":{"line":106,"column":69}},"54":{"start":{"line":109,"column":8},"end":{"line":111,"column":9}},"55":{"start":{"line":110,"column":12},"end":{"line":110,"column":36}},"56":{"start":{"line":114,"column":8},"end":{"line":114,"column":24}},"57":{"start":{"line":115,"column":19},"end":{"line":115,"column":64}},"58":{"start":{"line":116,"column":8},"end":{"line":121,"column":9}},"59":{"start":{"line":117,"column":12},"end":{"line":117,"column":73}},"60":{"start":{"line":120,"column":12},"end":{"line":120,"column":37}},"61":{"start":{"line":122,"column":8},"end":{"line":122,"column":37}},"62":{"start":{"line":125,"column":21},"end":{"line":125,"column":25}},"63":{"start":{"line":126,"column":8},"end":{"line":131,"column":9}},"64":{"start":{"line":127,"column":12},"end":{"line":127,"column":43}},"65":{"start":{"line":130,"column":12},"end":{"line":130,"column":31}},"66":{"start":{"line":132,"column":8},"end":{"line":132,"column":22}},"67":{"start":{"line":135,"column":8},"end":{"line":135,"column":24}},"68":{"start":{"line":136,"column":8},"end":{"line":140,"column":9}},"69":{"start":{"line":137,"column":30},"end":{"line":137,"column":67}},"70":{"start":{"line":138,"column":12},"end":{"line":138,"column":50}},"71":{"start":{"line":139,"column":12},"end":{"line":139,"column":46}},"72":{"start":{"line":143,"column":21},"end":{"line":143,"column":23}},"73":{"start":{"line":144,"column":8},"end":{"line":146,"column":11}},"74":{"start":{"line":145,"column":12},"end":{"line":145,"column":30}},"75":{"start":{"line":147,"column":8},"end":{"line":147,"column":22}},"76":{"start":{"line":150,"column":8},"end":{"line":156,"column":9}},"77":{"start":{"line":151,"column":12},"end":{"line":151,"column":48}},"78":{"start":{"line":152,"column":12},"end":{"line":152,"column":39}},"79":{"start":{"line":155,"column":12},"end":{"line":155,"column":54}},"80":{"start":{"line":159,"column":26},"end":{"line":159,"column":28}},"81":{"start":{"line":160,"column":8},"end":{"line":160,"column":42}},"82":{"start":{"line":161,"column":8},"end":{"line":161,"column":31}},"83":{"start":{"line":162,"column":8},"end":{"line":162,"column":35}},"84":{"start":{"line":163,"column":8},"end":{"line":163,"column":27}},"85":{"start":{"line":166,"column":8},"end":{"line":166,"column":42}},"86":{"start":{"line":169,"column":8},"end":{"line":169,"column":35}},"87":{"start":{"line":172,"column":8},"end":{"line":172,"column":31}},"88":{"start":{"line":175,"column":32},"end":{"line":175,"column":34}},"89":{"start":{"line":176,"column":8},"end":{"line":182,"column":9}},"90":{"start":{"line":177,"column":21},"end":{"line":177,"column":34}},"91":{"start":{"line":178,"column":23},"end":{"line":178,"column":38}},"92":{"start":{"line":179,"column":26},"end":{"line":179,"column":48}},"93":{"start":{"line":180,"column":33},"end":{"line":180,"column":73}},"94":{"start":{"line":181,"column":12},"end":{"line":181,"column":51}},"95":{"start":{"line":183,"column":8},"end":{"line":183,"column":33}},"96":{"start":{"line":186,"column":0},"end":{"line":186,"column":30}}},"fnMap":{"0":{"name":"(anonymous_0)","decl":{"start":{"line":9,"column":4},"end":{"line":9,"column":5}},"loc":{"start":{"line":9,"column":18},"end":{"line":15,"column":5}},"line":9},"1":{"name":"(anonymous_1)","decl":{"start":{"line":16,"column":4},"end":{"line":16,"column":5}},"loc":{"start":{"line":16,"column":20},"end":{"line":32,"column":5}},"line":16},"2":{"name":"(anonymous_2)","decl":{"start":{"line":33,"column":4},"end":{"line":33,"column":5}},"loc":{"start":{"line":33,"column":15},"end":{"line":35,"column":5}},"line":33},"3":{"name":"(anonymous_3)","decl":{"start":{"line":36,"column":4},"end":{"line":36,"column":5}},"loc":{"start":{"line":36,"column":18},"end":{"line":38,"column":5}},"line":36},"4":{"name":"(anonymous_4)","decl":{"start":{"line":39,"column":4},"end":{"line":39,"column":5}},"loc":{"start":{"line":39,"column":20},"end":{"line":48,"column":5}},"line":39},"5":{"name":"(anonymous_5)","decl":{"start":{"line":49,"column":4},"end":{"line":49,"column":5}},"loc":{"start":{"line":49,"column":23},"end":{"line":58,"column":5}},"line":49},"6":{"name":"(anonymous_6)","decl":{"start":{"line":59,"column":4},"end":{"line":59,"column":5}},"loc":{"start":{"line":59,"column":25},"end":{"line":67,"column":5}},"line":59},"7":{"name":"(anonymous_7)","decl":{"start":{"line":68,"column":4},"end":{"line":68,"column":5}},"loc":{"start":{"line":68,"column":29},"end":{"line":70,"column":5}},"line":68},"8":{"name":"(anonymous_8)","decl":{"start":{"line":71,"column":4},"end":{"line":71,"column":5}},"loc":{"start":{"line":71,"column":35},"end":{"line":73,"column":5}},"line":71},"9":{"name":"(anonymous_9)","decl":{"start":{"line":74,"column":4},"end":{"line":74,"column":5}},"loc":{"start":{"line":74,"column":37},"end":{"line":76,"column":5}},"line":74},"10":{"name":"(anonymous_10)","decl":{"start":{"line":77,"column":4},"end":{"line":77,"column":5}},"loc":{"start":{"line":77,"column":31},"end":{"line":79,"column":5}},"line":77},"11":{"name":"(anonymous_11)","decl":{"start":{"line":80,"column":4},"end":{"line":80,"column":5}},"loc":{"start":{"line":80,"column":39},"end":{"line":82,"column":5}},"line":80},"12":{"name":"(anonymous_12)","decl":{"start":{"line":83,"column":4},"end":{"line":83,"column":5}},"loc":{"start":{"line":83,"column":43},"end":{"line":85,"column":5}},"line":83},"13":{"name":"(anonymous_13)","decl":{"start":{"line":86,"column":4},"end":{"line":86,"column":5}},"loc":{"start":{"line":86,"column":31},"end":{"line":98,"column":5}},"line":86},"14":{"name":"(anonymous_14)","decl":{"start":{"line":99,"column":4},"end":{"line":99,"column":5}},"loc":{"start":{"line":99,"column":39},"end":{"line":101,"column":5}},"line":99},"15":{"name":"(anonymous_15)","decl":{"start":{"line":102,"column":4},"end":{"line":102,"column":5}},"loc":{"start":{"line":102,"column":30},"end":{"line":104,"column":5}},"line":102},"16":{"name":"(anonymous_16)","decl":{"start":{"line":105,"column":4},"end":{"line":105,"column":5}},"loc":{"start":{"line":105,"column":35},"end":{"line":107,"column":5}},"line":105},"17":{"name":"(anonymous_17)","decl":{"start":{"line":108,"column":4},"end":{"line":108,"column":5}},"loc":{"start":{"line":108,"column":15},"end":{"line":112,"column":5}},"line":108},"18":{"name":"(anonymous_18)","decl":{"start":{"line":113,"column":4},"end":{"line":113,"column":5}},"loc":{"start":{"line":113,"column":39},"end":{"line":123,"column":5}},"line":113},"19":{"name":"(anonymous_19)","decl":{"start":{"line":124,"column":4},"end":{"line":124,"column":5}},"loc":{"start":{"line":124,"column":21},"end":{"line":133,"column":5}},"line":124},"20":{"name":"(anonymous_20)","decl":{"start":{"line":134,"column":4},"end":{"line":134,"column":5}},"loc":{"start":{"line":134,"column":18},"end":{"line":141,"column":5}},"line":134},"21":{"name":"(anonymous_21)","decl":{"start":{"line":142,"column":4},"end":{"line":142,"column":5}},"loc":{"start":{"line":142,"column":27},"end":{"line":148,"column":5}},"line":142},"22":{"name":"(anonymous_22)","decl":{"start":{"line":144,"column":37},"end":{"line":144,"column":38}},"loc":{"start":{"line":144,"column":47},"end":{"line":146,"column":9}},"line":144},"23":{"name":"(anonymous_23)","decl":{"start":{"line":149,"column":4},"end":{"line":149,"column":5}},"loc":{"start":{"line":149,"column":24},"end":{"line":157,"column":5}},"line":149},"24":{"name":"(anonymous_24)","decl":{"start":{"line":158,"column":4},"end":{"line":158,"column":5}},"loc":{"start":{"line":158,"column":45},"end":{"line":164,"column":5}},"line":158},"25":{"name":"(anonymous_25)","decl":{"start":{"line":165,"column":4},"end":{"line":165,"column":5}},"loc":{"start":{"line":165,"column":40},"end":{"line":167,"column":5}},"line":165},"26":{"name":"(anonymous_26)","decl":{"start":{"line":168,"column":4},"end":{"line":168,"column":5}},"loc":{"start":{"line":168,"column":26},"end":{"line":170,"column":5}},"line":168},"27":{"name":"(anonymous_27)","decl":{"start":{"line":171,"column":4},"end":{"line":171,"column":5}},"loc":{"start":{"line":171,"column":20},"end":{"line":173,"column":5}},"line":171},"28":{"name":"(anonymous_28)","decl":{"start":{"line":174,"column":4},"end":{"line":174,"column":5}},"loc":{"start":{"line":174,"column":27},"end":{"line":184,"column":5}},"line":174}},"branchMap":{"0":{"loc":{"start":{"line":17,"column":8},"end":{"line":31,"column":9}},"type":"if","locations":[{"start":{"line":17,"column":8},"end":{"line":31,"column":9}},{"start":{"line":17,"column":8},"end":{"line":31,"column":9}}],"line":17},"1":{"loc":{"start":{"line":23,"column":16},"end":{"line":25,"column":17}},"type":"if","locations":[{"start":{"line":23,"column":16},"end":{"line":25,"column":17}},{"start":{"line":23,"column":16},"end":{"line":25,"column":17}}],"line":23},"2":{"loc":{"start":{"line":26,"column":16},"end":{"line":28,"column":17}},"type":"if","locations":[{"start":{"line":26,"column":16},"end":{"line":28,"column":17}},{"start":{"line":26,"column":16},"end":{"line":28,"column":17}}],"line":26},"3":{"loc":{"start":{"line":41,"column":8},"end":{"line":43,"column":9}},"type":"if","locations":[{"start":{"line":41,"column":8},"end":{"line":43,"column":9}},{"start":{"line":41,"column":8},"end":{"line":43,"column":9}}],"line":41},"4":{"loc":{"start":{"line":44,"column":8},"end":{"line":46,"column":9}},"type":"if","locations":[{"start":{"line":44,"column":8},"end":{"line":46,"column":9}},{"start":{"line":44,"column":8},"end":{"line":46,"column":9}}],"line":44},"5":{"loc":{"start":{"line":51,"column":8},"end":{"line":53,"column":9}},"type":"if","locations":[{"start":{"line":51,"column":8},"end":{"line":53,"column":9}},{"start":{"line":51,"column":8},"end":{"line":53,"column":9}}],"line":51},"6":{"loc":{"start":{"line":54,"column":8},"end":{"line":56,"column":9}},"type":"if","locations":[{"start":{"line":54,"column":8},"end":{"line":56,"column":9}},{"start":{"line":54,"column":8},"end":{"line":56,"column":9}}],"line":54},"7":{"loc":{"start":{"line":88,"column":8},"end":{"line":93,"column":9}},"type":"if","locations":[{"start":{"line":88,"column":8},"end":{"line":93,"column":9}},{"start":{"line":88,"column":8},"end":{"line":93,"column":9}}],"line":88},"8":{"loc":{"start":{"line":91,"column":13},"end":{"line":93,"column":9}},"type":"if","locations":[{"start":{"line":91,"column":13},"end":{"line":93,"column":9}},{"start":{"line":91,"column":13},"end":{"line":93,"column":9}}],"line":91},"9":{"loc":{"start":{"line":94,"column":8},"end":{"line":96,"column":9}},"type":"if","locations":[{"start":{"line":94,"column":8},"end":{"line":96,"column":9}},{"start":{"line":94,"column":8},"end":{"line":96,"column":9}}],"line":94},"10":{"loc":{"start":{"line":109,"column":8},"end":{"line":111,"column":9}},"type":"if","locations":[{"start":{"line":109,"column":8},"end":{"line":111,"column":9}},{"start":{"line":109,"column":8},"end":{"line":111,"column":9}}],"line":109}},"s":{"0":1,"1":1,"2":1,"3":1,"4":1,"5":1,"6":37,"7":37,"8":37,"9":37,"10":37,"11":42,"12":2,"13":40,"14":40,"15":434,"16":13,"17":434,"18":2,"19":38,"20":30,"21":35,"22":36,"23":36,"24":4,"25":32,"26":2,"27":30,"28":6,"29":6,"30":3,"31":3,"32":2,"33":1,"34":30,"35":30,"36":30,"37":0,"38":6,"39":6,"40":6,"41":6,"42":6,"43":6,"44":25,"45":18,"46":7,"47":7,"48":25,"49":3,"50":22,"51":16,"52":17,"53":17,"54":97,"55":0,"56":19,"57":19,"58":19,"59":19,"60":0,"61":19,"62":7,"63":7,"64":7,"65":0,"66":7,"67":78,"68":78,"69":7,"70":7,"71":7,"72":78,"73":78,"74":7,"75":78,"76":1,"77":1,"78":1,"79":0,"80":19,"81":19,"82":19,"83":19,"84":19,"85":19,"86":1,"87":75,"88":191,"89":191,"90":375,"91":375,"92":375,"93":375,"94":375,"95":191,"96":1},"f":{"0":37,"1":42,"2":30,"3":35,"4":36,"5":6,"6":30,"7":6,"8":6,"9":6,"10":6,"11":6,"12":6,"13":25,"14":16,"15":17,"16":17,"17":97,"18":19,"19":7,"20":78,"21":78,"22":7,"23":1,"24":19,"25":19,"26":1,"27":75,"28":191},"b":{"0":[2,40],"1":[13,421],"2":[2,432],"3":[4,32],"4":[2,30],"5":[3,3],"6":[2,1],"7":[18,7],"8":[7,0],"9":[3,22],"10":[0,97]},"_coverageSchema":"332fd63041d2c1bcb487cc26dd0d5f7d97098a6c","hash":"845817f2c9be45fe1489eca43e4dc832b202bd9e","contentHash":"e621f517e4ee3fddf9d26700a475f5f4_11.3.0"},"E:\\CPSC 310\\cp123\\project_team092\\src\\controller\\RoomDataHandler.js":{"path":"E:\\CPSC 310\\cp123\\project_team092\\src\\controller\\RoomDataHandler.js","statementMap":{"0":{"start":{"line":2,"column":0},"end":{"line":2,"column":62}},"1":{"start":{"line":3,"column":25},"end":{"line":3,"column":52}},"2":{"start":{"line":6,"column":8},"end":{"line":6,"column":36}},"3":{"start":{"line":7,"column":8},"end":{"line":7,"column":40}},"4":{"start":{"line":10,"column":8},"end":{"line":15,"column":9}},"5":{"start":{"line":11,"column":12},"end":{"line":11,"column":65}},"6":{"start":{"line":14,"column":12},"end":{"line":14,"column":71}},"7":{"start":{"line":18,"column":26},"end":{"line":18,"column":52}},"8":{"start":{"line":19,"column":20},"end":{"line":19,"column":22}},"9":{"start":{"line":20,"column":8},"end":{"line":20,"column":63}},"10":{"start":{"line":21,"column":29},"end":{"line":21,"column":31}},"11":{"start":{"line":22,"column":8},"end":{"line":33,"column":9}},"12":{"start":{"line":23,"column":12},"end":{"line":32,"column":13}},"13":{"start":{"line":24,"column":31},"end":{"line":24,"column":52}},"14":{"start":{"line":25,"column":16},"end":{"line":28,"column":17}},"15":{"start":{"line":27,"column":20},"end":{"line":27,"column":63}},"16":{"start":{"line":31,"column":16},"end":{"line":31,"column":25}},"17":{"start":{"line":34,"column":8},"end":{"line":34,"column":47}},"18":{"start":{"line":37,"column":8},"end":{"line":51,"column":9}},"19":{"start":{"line":38,"column":27},"end":{"line":38,"column":44}},"20":{"start":{"line":39,"column":24},"end":{"line":39,"column":26}},"21":{"start":{"line":40,"column":12},"end":{"line":40,"column":64}},"22":{"start":{"line":41,"column":29},"end":{"line":41,"column":31}},"23":{"start":{"line":42,"column":12},"end":{"line":49,"column":13}},"24":{"start":{"line":43,"column":16},"end":{"line":48,"column":17}},"25":{"start":{"line":44,"column":20},"end":{"line":44,"column":55}},"26":{"start":{"line":47,"column":20},"end":{"line":47,"column":29}},"27":{"start":{"line":50,"column":12},"end":{"line":50,"column":43}},"28":{"start":{"line":52,"column":8},"end":{"line":52,"column":42}},"29":{"start":{"line":55,"column":19},"end":{"line":55,"column":21}},"30":{"start":{"line":56,"column":8},"end":{"line":80,"column":9}},"31":{"start":{"line":57,"column":12},"end":{"line":79,"column":13}},"32":{"start":{"line":58,"column":16},"end":{"line":58,"column":84}},"33":{"start":{"line":60,"column":17},"end":{"line":79,"column":13}},"34":{"start":{"line":61,"column":28},"end":{"line":61,"column":90}},"35":{"start":{"line":62,"column":16},"end":{"line":67,"column":17}},"36":{"start":{"line":63,"column":20},"end":{"line":63,"column":38}},"37":{"start":{"line":66,"column":20},"end":{"line":66,"column":50}},"38":{"start":{"line":69,"column":17},"end":{"line":79,"column":13}},"39":{"start":{"line":70,"column":32},"end":{"line":70,"column":65}},"40":{"start":{"line":71,"column":16},"end":{"line":71,"column":75}},"41":{"start":{"line":73,"column":17},"end":{"line":79,"column":13}},"42":{"start":{"line":74,"column":29},"end":{"line":74,"column":62}},"43":{"start":{"line":75,"column":16},"end":{"line":75,"column":67}},"44":{"start":{"line":77,"column":17},"end":{"line":79,"column":13}},"45":{"start":{"line":78,"column":16},"end":{"line":78,"column":77}},"46":{"start":{"line":81,"column":8},"end":{"line":81,"column":20}},"47":{"start":{"line":84,"column":8},"end":{"line":96,"column":9}},"48":{"start":{"line":85,"column":12},"end":{"line":85,"column":19}},"49":{"start":{"line":87,"column":13},"end":{"line":96,"column":9}},"50":{"start":{"line":88,"column":12},"end":{"line":88,"column":29}},"51":{"start":{"line":91,"column":12},"end":{"line":95,"column":13}},"52":{"start":{"line":92,"column":16},"end":{"line":94,"column":17}},"53":{"start":{"line":93,"column":20},"end":{"line":93,"column":67}},"54":{"start":{"line":99,"column":23},"end":{"line":99,"column":25}},"55":{"start":{"line":100,"column":8},"end":{"line":115,"column":9}},"56":{"start":{"line":101,"column":12},"end":{"line":114,"column":13}},"57":{"start":{"line":102,"column":16},"end":{"line":102,"column":81}},"58":{"start":{"line":104,"column":17},"end":{"line":114,"column":13}},"59":{"start":{"line":105,"column":32},"end":{"line":105,"column":65}},"60":{"start":{"line":106,"column":16},"end":{"line":106,"column":79}},"61":{"start":{"line":108,"column":17},"end":{"line":114,"column":13}},"62":{"start":{"line":109,"column":16},"end":{"line":109,"column":90}},"63":{"start":{"line":111,"column":17},"end":{"line":114,"column":13}},"64":{"start":{"line":112,"column":30},"end":{"line":112,"column":63}},"65":{"start":{"line":113,"column":16},"end":{"line":113,"column":75}},"66":{"start":{"line":116,"column":8},"end":{"line":116,"column":24}},"67":{"start":{"line":119,"column":23},"end":{"line":119,"column":25}},"68":{"start":{"line":120,"column":8},"end":{"line":130,"column":9}},"69":{"start":{"line":121,"column":12},"end":{"line":123,"column":13}},"70":{"start":{"line":122,"column":16},"end":{"line":122,"column":25}},"71":{"start":{"line":124,"column":12},"end":{"line":129,"column":13}},"72":{"start":{"line":125,"column":16},"end":{"line":127,"column":17}},"73":{"start":{"line":126,"column":20},"end":{"line":126,"column":29}},"74":{"start":{"line":128,"column":16},"end":{"line":128,"column":76}},"75":{"start":{"line":131,"column":8},"end":{"line":136,"column":9}},"76":{"start":{"line":132,"column":12},"end":{"line":132,"column":71}},"77":{"start":{"line":135,"column":12},"end":{"line":135,"column":45}},"78":{"start":{"line":139,"column":8},"end":{"line":144,"column":57}},"79":{"start":{"line":147,"column":8},"end":{"line":151,"column":54}},"80":{"start":{"line":154,"column":22},"end":{"line":154,"column":24}},"81":{"start":{"line":155,"column":8},"end":{"line":155,"column":62}},"82":{"start":{"line":156,"column":8},"end":{"line":156,"column":64}},"83":{"start":{"line":157,"column":8},"end":{"line":157,"column":54}},"84":{"start":{"line":158,"column":8},"end":{"line":158,"column":82}},"85":{"start":{"line":159,"column":8},"end":{"line":159,"column":60}},"86":{"start":{"line":160,"column":8},"end":{"line":160,"column":52}},"87":{"start":{"line":161,"column":8},"end":{"line":161,"column":52}},"88":{"start":{"line":162,"column":8},"end":{"line":162,"column":52}},"89":{"start":{"line":163,"column":8},"end":{"line":163,"column":50}},"90":{"start":{"line":164,"column":8},"end":{"line":164,"column":60}},"91":{"start":{"line":165,"column":8},"end":{"line":165,"column":50}},"92":{"start":{"line":166,"column":8},"end":{"line":166,"column":23}},"93":{"start":{"line":169,"column":26},"end":{"line":171,"column":10}},"94":{"start":{"line":170,"column":12},"end":{"line":170,"column":60}},"95":{"start":{"line":172,"column":8},"end":{"line":172,"column":40}},"96":{"start":{"line":175,"column":22},"end":{"line":175,"column":41}},"97":{"start":{"line":176,"column":8},"end":{"line":180,"column":9}},"98":{"start":{"line":177,"column":12},"end":{"line":177,"column":40}},"99":{"start":{"line":178,"column":12},"end":{"line":178,"column":40}},"100":{"start":{"line":179,"column":12},"end":{"line":179,"column":45}},"101":{"start":{"line":181,"column":31},"end":{"line":181,"column":58}},"102":{"start":{"line":182,"column":18},"end":{"line":182,"column":105}},"103":{"start":{"line":183,"column":8},"end":{"line":200,"column":11}},"104":{"start":{"line":184,"column":12},"end":{"line":199,"column":15}},"105":{"start":{"line":185,"column":27},"end":{"line":185,"column":29}},"106":{"start":{"line":186,"column":16},"end":{"line":188,"column":19}},"107":{"start":{"line":187,"column":20},"end":{"line":187,"column":33}},"108":{"start":{"line":189,"column":16},"end":{"line":194,"column":19}},"109":{"start":{"line":190,"column":37},"end":{"line":190,"column":53}},"110":{"start":{"line":191,"column":20},"end":{"line":191,"column":53}},"111":{"start":{"line":192,"column":20},"end":{"line":192,"column":53}},"112":{"start":{"line":193,"column":20},"end":{"line":193,"column":38}},"113":{"start":{"line":196,"column":16},"end":{"line":196,"column":44}},"114":{"start":{"line":197,"column":16},"end":{"line":197,"column":44}},"115":{"start":{"line":198,"column":16},"end":{"line":198,"column":34}},"116":{"start":{"line":203,"column":26},"end":{"line":205,"column":10}},"117":{"start":{"line":204,"column":12},"end":{"line":204,"column":69}},"118":{"start":{"line":206,"column":8},"end":{"line":206,"column":40}},"119":{"start":{"line":209,"column":19},"end":{"line":209,"column":57}},"120":{"start":{"line":210,"column":8},"end":{"line":215,"column":11}},"121":{"start":{"line":211,"column":12},"end":{"line":211,"column":59}},"122":{"start":{"line":212,"column":12},"end":{"line":212,"column":45}},"123":{"start":{"line":214,"column":12},"end":{"line":214,"column":71}},"124":{"start":{"line":218,"column":0},"end":{"line":218,"column":34}}},"fnMap":{"0":{"name":"(anonymous_0)","decl":{"start":{"line":5,"column":4},"end":{"line":5,"column":5}},"loc":{"start":{"line":5,"column":18},"end":{"line":8,"column":5}},"line":5},"1":{"name":"(anonymous_1)","decl":{"start":{"line":9,"column":4},"end":{"line":9,"column":5}},"loc":{"start":{"line":9,"column":29},"end":{"line":16,"column":5}},"line":9},"2":{"name":"(anonymous_2)","decl":{"start":{"line":17,"column":4},"end":{"line":17,"column":5}},"loc":{"start":{"line":17,"column":40},"end":{"line":35,"column":5}},"line":17},"3":{"name":"(anonymous_3)","decl":{"start":{"line":36,"column":4},"end":{"line":36,"column":5}},"loc":{"start":{"line":36,"column":37},"end":{"line":53,"column":5}},"line":36},"4":{"name":"(anonymous_4)","decl":{"start":{"line":54,"column":4},"end":{"line":54,"column":5}},"loc":{"start":{"line":54,"column":17},"end":{"line":82,"column":5}},"line":54},"5":{"name":"(anonymous_5)","decl":{"start":{"line":83,"column":4},"end":{"line":83,"column":5}},"loc":{"start":{"line":83,"column":45},"end":{"line":97,"column":5}},"line":83},"6":{"name":"(anonymous_6)","decl":{"start":{"line":98,"column":4},"end":{"line":98,"column":5}},"loc":{"start":{"line":98,"column":21},"end":{"line":117,"column":5}},"line":98},"7":{"name":"(anonymous_7)","decl":{"start":{"line":118,"column":4},"end":{"line":118,"column":5}},"loc":{"start":{"line":118,"column":31},"end":{"line":137,"column":5}},"line":118},"8":{"name":"(anonymous_8)","decl":{"start":{"line":138,"column":4},"end":{"line":138,"column":5}},"loc":{"start":{"line":138,"column":30},"end":{"line":145,"column":5}},"line":138},"9":{"name":"(anonymous_9)","decl":{"start":{"line":146,"column":4},"end":{"line":146,"column":5}},"loc":{"start":{"line":146,"column":22},"end":{"line":152,"column":5}},"line":146},"10":{"name":"(anonymous_10)","decl":{"start":{"line":153,"column":4},"end":{"line":153,"column":5}},"loc":{"start":{"line":153,"column":44},"end":{"line":167,"column":5}},"line":153},"11":{"name":"(anonymous_11)","decl":{"start":{"line":168,"column":4},"end":{"line":168,"column":5}},"loc":{"start":{"line":168,"column":39},"end":{"line":173,"column":5}},"line":168},"12":{"name":"(anonymous_12)","decl":{"start":{"line":169,"column":40},"end":{"line":169,"column":41}},"loc":{"start":{"line":169,"column":54},"end":{"line":171,"column":9}},"line":169},"13":{"name":"(anonymous_13)","decl":{"start":{"line":174,"column":4},"end":{"line":174,"column":5}},"loc":{"start":{"line":174,"column":40},"end":{"line":201,"column":5}},"line":174},"14":{"name":"(anonymous_14)","decl":{"start":{"line":183,"column":27},"end":{"line":183,"column":28}},"loc":{"start":{"line":183,"column":48},"end":{"line":200,"column":9}},"line":183},"15":{"name":"(anonymous_15)","decl":{"start":{"line":184,"column":31},"end":{"line":184,"column":32}},"loc":{"start":{"line":184,"column":40},"end":{"line":195,"column":13}},"line":184},"16":{"name":"(anonymous_16)","decl":{"start":{"line":186,"column":31},"end":{"line":186,"column":32}},"loc":{"start":{"line":186,"column":41},"end":{"line":188,"column":17}},"line":186},"17":{"name":"(anonymous_17)","decl":{"start":{"line":189,"column":30},"end":{"line":189,"column":31}},"loc":{"start":{"line":189,"column":36},"end":{"line":194,"column":17}},"line":189},"18":{"name":"(anonymous_18)","decl":{"start":{"line":195,"column":27},"end":{"line":195,"column":28}},"loc":{"start":{"line":195,"column":36},"end":{"line":199,"column":13}},"line":195},"19":{"name":"(anonymous_19)","decl":{"start":{"line":202,"column":4},"end":{"line":202,"column":5}},"loc":{"start":{"line":202,"column":48},"end":{"line":207,"column":5}},"line":202},"20":{"name":"(anonymous_20)","decl":{"start":{"line":203,"column":40},"end":{"line":203,"column":41}},"loc":{"start":{"line":203,"column":54},"end":{"line":205,"column":9}},"line":203},"21":{"name":"(anonymous_21)","decl":{"start":{"line":208,"column":4},"end":{"line":208,"column":5}},"loc":{"start":{"line":208,"column":49},"end":{"line":216,"column":5}},"line":208},"22":{"name":"(anonymous_22)","decl":{"start":{"line":210,"column":49},"end":{"line":210,"column":50}},"loc":{"start":{"line":210,"column":62},"end":{"line":213,"column":9}},"line":210},"23":{"name":"(anonymous_23)","decl":{"start":{"line":213,"column":17},"end":{"line":213,"column":18}},"loc":{"start":{"line":213,"column":26},"end":{"line":215,"column":9}},"line":213}},"branchMap":{"0":{"loc":{"start":{"line":25,"column":16},"end":{"line":28,"column":17}},"type":"if","locations":[{"start":{"line":25,"column":16},"end":{"line":28,"column":17}},{"start":{"line":25,"column":16},"end":{"line":28,"column":17}}],"line":25},"1":{"loc":{"start":{"line":25,"column":20},"end":{"line":26,"column":80}},"type":"binary-expr","locations":[{"start":{"line":25,"column":20},"end":{"line":25,"column":59}},{"start":{"line":26,"column":23},"end":{"line":26,"column":80}}],"line":25},"2":{"loc":{"start":{"line":57,"column":12},"end":{"line":79,"column":13}},"type":"if","locations":[{"start":{"line":57,"column":12},"end":{"line":79,"column":13}},{"start":{"line":57,"column":12},"end":{"line":79,"column":13}}],"line":57},"3":{"loc":{"start":{"line":57,"column":16},"end":{"line":57,"column":100}},"type":"binary-expr","locations":[{"start":{"line":57,"column":16},"end":{"line":57,"column":44}},{"start":{"line":57,"column":48},"end":{"line":57,"column":100}}],"line":57},"4":{"loc":{"start":{"line":60,"column":17},"end":{"line":79,"column":13}},"type":"if","locations":[{"start":{"line":60,"column":17},"end":{"line":79,"column":13}},{"start":{"line":60,"column":17},"end":{"line":79,"column":13}}],"line":60},"5":{"loc":{"start":{"line":60,"column":21},"end":{"line":60,"column":102}},"type":"binary-expr","locations":[{"start":{"line":60,"column":21},"end":{"line":60,"column":49}},{"start":{"line":60,"column":53},"end":{"line":60,"column":102}}],"line":60},"6":{"loc":{"start":{"line":62,"column":16},"end":{"line":67,"column":17}},"type":"if","locations":[{"start":{"line":62,"column":16},"end":{"line":67,"column":17}},{"start":{"line":62,"column":16},"end":{"line":67,"column":17}}],"line":62},"7":{"loc":{"start":{"line":69,"column":17},"end":{"line":79,"column":13}},"type":"if","locations":[{"start":{"line":69,"column":17},"end":{"line":79,"column":13}},{"start":{"line":69,"column":17},"end":{"line":79,"column":13}}],"line":69},"8":{"loc":{"start":{"line":69,"column":21},"end":{"line":69,"column":103}},"type":"binary-expr","locations":[{"start":{"line":69,"column":21},"end":{"line":69,"column":49}},{"start":{"line":69,"column":53},"end":{"line":69,"column":103}}],"line":69},"9":{"loc":{"start":{"line":73,"column":17},"end":{"line":79,"column":13}},"type":"if","locations":[{"start":{"line":73,"column":17},"end":{"line":79,"column":13}},{"start":{"line":73,"column":17},"end":{"line":79,"column":13}}],"line":73},"10":{"loc":{"start":{"line":73,"column":21},"end":{"line":73,"column":103}},"type":"binary-expr","locations":[{"start":{"line":73,"column":21},"end":{"line":73,"column":49}},{"start":{"line":73,"column":53},"end":{"line":73,"column":103}}],"line":73},"11":{"loc":{"start":{"line":77,"column":17},"end":{"line":79,"column":13}},"type":"if","locations":[{"start":{"line":77,"column":17},"end":{"line":79,"column":13}},{"start":{"line":77,"column":17},"end":{"line":79,"column":13}}],"line":77},"12":{"loc":{"start":{"line":77,"column":21},"end":{"line":77,"column":107}},"type":"binary-expr","locations":[{"start":{"line":77,"column":21},"end":{"line":77,"column":49}},{"start":{"line":77,"column":53},"end":{"line":77,"column":107}}],"line":77},"13":{"loc":{"start":{"line":84,"column":8},"end":{"line":96,"column":9}},"type":"if","locations":[{"start":{"line":84,"column":8},"end":{"line":96,"column":9}},{"start":{"line":84,"column":8},"end":{"line":96,"column":9}}],"line":84},"14":{"loc":{"start":{"line":87,"column":13},"end":{"line":96,"column":9}},"type":"if","locations":[{"start":{"line":87,"column":13},"end":{"line":96,"column":9}},{"start":{"line":87,"column":13},"end":{"line":96,"column":9}}],"line":87},"15":{"loc":{"start":{"line":91,"column":12},"end":{"line":95,"column":13}},"type":"if","locations":[{"start":{"line":91,"column":12},"end":{"line":95,"column":13}},{"start":{"line":91,"column":12},"end":{"line":95,"column":13}}],"line":91},"16":{"loc":{"start":{"line":101,"column":12},"end":{"line":114,"column":13}},"type":"if","locations":[{"start":{"line":101,"column":12},"end":{"line":114,"column":13}},{"start":{"line":101,"column":12},"end":{"line":114,"column":13}}],"line":101},"17":{"loc":{"start":{"line":101,"column":16},"end":{"line":101,"column":102}},"type":"binary-expr","locations":[{"start":{"line":101,"column":16},"end":{"line":101,"column":44}},{"start":{"line":101,"column":48},"end":{"line":101,"column":102}}],"line":101},"18":{"loc":{"start":{"line":104,"column":17},"end":{"line":114,"column":13}},"type":"if","locations":[{"start":{"line":104,"column":17},"end":{"line":114,"column":13}},{"start":{"line":104,"column":17},"end":{"line":114,"column":13}}],"line":104},"19":{"loc":{"start":{"line":104,"column":21},"end":{"line":104,"column":107}},"type":"binary-expr","locations":[{"start":{"line":104,"column":21},"end":{"line":104,"column":49}},{"start":{"line":104,"column":53},"end":{"line":104,"column":107}}],"line":104},"20":{"loc":{"start":{"line":108,"column":17},"end":{"line":114,"column":13}},"type":"if","locations":[{"start":{"line":108,"column":17},"end":{"line":114,"column":13}},{"start":{"line":108,"column":17},"end":{"line":114,"column":13}}],"line":108},"21":{"loc":{"start":{"line":108,"column":21},"end":{"line":108,"column":99}},"type":"binary-expr","locations":[{"start":{"line":108,"column":21},"end":{"line":108,"column":49}},{"start":{"line":108,"column":53},"end":{"line":108,"column":99}}],"line":108},"22":{"loc":{"start":{"line":111,"column":17},"end":{"line":114,"column":13}},"type":"if","locations":[{"start":{"line":111,"column":17},"end":{"line":114,"column":13}},{"start":{"line":111,"column":17},"end":{"line":114,"column":13}}],"line":111},"23":{"loc":{"start":{"line":111,"column":21},"end":{"line":111,"column":101}},"type":"binary-expr","locations":[{"start":{"line":111,"column":21},"end":{"line":111,"column":49}},{"start":{"line":111,"column":53},"end":{"line":111,"column":101}}],"line":111},"24":{"loc":{"start":{"line":121,"column":12},"end":{"line":123,"column":13}},"type":"if","locations":[{"start":{"line":121,"column":12},"end":{"line":123,"column":13}},{"start":{"line":121,"column":12},"end":{"line":123,"column":13}}],"line":121},"25":{"loc":{"start":{"line":125,"column":16},"end":{"line":127,"column":17}},"type":"if","locations":[{"start":{"line":125,"column":16},"end":{"line":127,"column":17}},{"start":{"line":125,"column":16},"end":{"line":127,"column":17}}],"line":125},"26":{"loc":{"start":{"line":131,"column":8},"end":{"line":136,"column":9}},"type":"if","locations":[{"start":{"line":131,"column":8},"end":{"line":136,"column":9}},{"start":{"line":131,"column":8},"end":{"line":136,"column":9}}],"line":131},"27":{"loc":{"start":{"line":139,"column":16},"end":{"line":144,"column":55}},"type":"binary-expr","locations":[{"start":{"line":139,"column":16},"end":{"line":139,"column":56}},{"start":{"line":140,"column":15},"end":{"line":140,"column":56}},{"start":{"line":141,"column":15},"end":{"line":141,"column":54}},{"start":{"line":142,"column":15},"end":{"line":142,"column":50}},{"start":{"line":143,"column":15},"end":{"line":143,"column":50}},{"start":{"line":144,"column":15},"end":{"line":144,"column":55}}],"line":139},"28":{"loc":{"start":{"line":147,"column":16},"end":{"line":151,"column":52}},"type":"binary-expr","locations":[{"start":{"line":147,"column":16},"end":{"line":147,"column":50}},{"start":{"line":148,"column":15},"end":{"line":148,"column":48}},{"start":{"line":149,"column":15},"end":{"line":149,"column":47}},{"start":{"line":150,"column":15},"end":{"line":150,"column":47}},{"start":{"line":151,"column":15},"end":{"line":151,"column":52}}],"line":147},"29":{"loc":{"start":{"line":176,"column":8},"end":{"line":180,"column":9}},"type":"if","locations":[{"start":{"line":176,"column":8},"end":{"line":180,"column":9}},{"start":{"line":176,"column":8},"end":{"line":180,"column":9}}],"line":176}},"s":{"0":1,"1":1,"2":37,"3":37,"4":6,"5":6,"6":0,"7":6,"8":6,"9":6,"10":6,"11":6,"12":450,"13":450,"14":450,"15":443,"16":0,"17":6,"18":6,"19":443,"20":443,"21":443,"22":443,"23":443,"24":2431,"25":2431,"26":0,"27":443,"28":6,"29":2431,"30":2431,"31":26741,"32":2168,"33":24573,"34":2168,"35":2168,"36":0,"37":2168,"38":22405,"39":2168,"40":2168,"41":20237,"42":2168,"43":2168,"44":18069,"45":2168,"46":2431,"47":792457,"48":0,"49":792457,"50":2881,"51":789576,"52":408025,"53":792008,"54":893,"55":893,"56":9815,"57":887,"58":8928,"59":885,"60":885,"61":8043,"62":887,"63":7156,"64":885,"65":885,"66":893,"67":6,"68":6,"69":443,"70":2,"71":441,"72":2397,"73":261,"74":2136,"75":6,"76":0,"77":6,"78":443,"79":2397,"80":2136,"81":2136,"82":2136,"83":2136,"84":2136,"85":2136,"86":2136,"87":2136,"88":2136,"89":2136,"90":2136,"91":2136,"92":2136,"93":6,"94":443,"95":6,"96":443,"97":443,"98":1,"99":1,"100":1,"101":442,"102":442,"103":442,"104":442,"105":442,"106":442,"107":442,"108":442,"109":442,"110":442,"111":442,"112":442,"113":0,"114":0,"115":0,"116":6,"117":443,"118":6,"119":443,"120":443,"121":443,"122":443,"123":0,"124":1},"f":{"0":37,"1":6,"2":6,"3":6,"4":2431,"5":792457,"6":893,"7":6,"8":443,"9":2397,"10":2136,"11":6,"12":443,"13":443,"14":442,"15":442,"16":442,"17":442,"18":0,"19":6,"20":443,"21":443,"22":443,"23":0},"b":{"0":[443,7],"1":[450,444],"2":[2168,24573],"3":[26741,10840],"4":[2168,22405],"5":[24573,8672],"6":[0,2168],"7":[2168,20237],"8":[22405,6504],"9":[2168,18069],"10":[20237,4336],"11":[2168,15901],"12":[18069,2168],"13":[0,792457],"14":[2881,789576],"15":[408025,381551],"16":[887,8928],"17":[9815,4431],"18":[885,8043],"19":[8928,3544],"20":[887,7156],"21":[8043,2659],"22":[885,6271],"23":[7156,1772],"24":[2,441],"25":[261,2136],"26":[0,6],"27":[443,443,442,441,441,441],"28":[2397,2136,2136,2136,2136],"29":[1,442]},"_coverageSchema":"332fd63041d2c1bcb487cc26dd0d5f7d97098a6c","hash":"852466dc4184b0423566d09aa1703b3549066038","contentHash":"6695d5d4d11618f5a3ee9a9fe7151e90_11.3.0"},"E:\\CPSC 310\\cp123\\project_team092\\src\\controller\\CourseDataHandler.js":{"path":"E:\\CPSC 310\\cp123\\project_team092\\src\\controller\\CourseDataHandler.js","statementMap":{"0":{"start":{"line":2,"column":0},"end":{"line":2,"column":62}},"1":{"start":{"line":3,"column":25},"end":{"line":3,"column":52}},"2":{"start":{"line":6,"column":23},"end":{"line":6,"column":25}},"3":{"start":{"line":7,"column":8},"end":{"line":9,"column":11}},"4":{"start":{"line":8,"column":12},"end":{"line":8,"column":37}},"5":{"start":{"line":10,"column":26},"end":{"line":12,"column":10}},"6":{"start":{"line":11,"column":12},"end":{"line":11,"column":55}},"7":{"start":{"line":13,"column":8},"end":{"line":13,"column":40}},"8":{"start":{"line":16,"column":19},"end":{"line":16,"column":21}},"9":{"start":{"line":17,"column":8},"end":{"line":24,"column":9}},"10":{"start":{"line":18,"column":12},"end":{"line":23,"column":13}},"11":{"start":{"line":19,"column":16},"end":{"line":19,"column":46}},"12":{"start":{"line":22,"column":16},"end":{"line":22,"column":25}},"13":{"start":{"line":25,"column":8},"end":{"line":25,"column":37}},"14":{"start":{"line":28,"column":26},"end":{"line":28,"column":28}},"15":{"start":{"line":29,"column":8},"end":{"line":45,"column":9}},"16":{"start":{"line":30,"column":27},"end":{"line":30,"column":40}},"17":{"start":{"line":31,"column":12},"end":{"line":44,"column":13}},"18":{"start":{"line":32,"column":16},"end":{"line":43,"column":17}},"19":{"start":{"line":33,"column":20},"end":{"line":33,"column":55}},"20":{"start":{"line":34,"column":20},"end":{"line":37,"column":21}},"21":{"start":{"line":36,"column":24},"end":{"line":36,"column":44}},"22":{"start":{"line":38,"column":20},"end":{"line":38,"column":56}},"23":{"start":{"line":39,"column":20},"end":{"line":42,"column":21}},"24":{"start":{"line":40,"column":24},"end":{"line":40,"column":67}},"25":{"start":{"line":41,"column":24},"end":{"line":41,"column":50}},"26":{"start":{"line":46,"column":8},"end":{"line":51,"column":9}},"27":{"start":{"line":47,"column":12},"end":{"line":47,"column":71}},"28":{"start":{"line":50,"column":12},"end":{"line":50,"column":48}},"29":{"start":{"line":54,"column":25},"end":{"line":54,"column":27}},"30":{"start":{"line":55,"column":8},"end":{"line":90,"column":9}},"31":{"start":{"line":56,"column":12},"end":{"line":89,"column":13}},"32":{"start":{"line":58,"column":20},"end":{"line":58,"column":65}},"33":{"start":{"line":59,"column":20},"end":{"line":59,"column":29}},"34":{"start":{"line":61,"column":20},"end":{"line":61,"column":63}},"35":{"start":{"line":62,"column":20},"end":{"line":62,"column":29}},"36":{"start":{"line":64,"column":20},"end":{"line":64,"column":64}},"37":{"start":{"line":65,"column":20},"end":{"line":65,"column":29}},"38":{"start":{"line":67,"column":20},"end":{"line":67,"column":71}},"39":{"start":{"line":68,"column":20},"end":{"line":68,"column":29}},"40":{"start":{"line":70,"column":20},"end":{"line":70,"column":66}},"41":{"start":{"line":71,"column":20},"end":{"line":71,"column":29}},"42":{"start":{"line":73,"column":20},"end":{"line":73,"column":65}},"43":{"start":{"line":74,"column":20},"end":{"line":74,"column":29}},"44":{"start":{"line":76,"column":20},"end":{"line":76,"column":65}},"45":{"start":{"line":77,"column":20},"end":{"line":77,"column":29}},"46":{"start":{"line":79,"column":20},"end":{"line":79,"column":66}},"47":{"start":{"line":80,"column":20},"end":{"line":80,"column":29}},"48":{"start":{"line":82,"column":20},"end":{"line":82,"column":65}},"49":{"start":{"line":83,"column":20},"end":{"line":83,"column":29}},"50":{"start":{"line":85,"column":20},"end":{"line":85,"column":65}},"51":{"start":{"line":86,"column":20},"end":{"line":86,"column":29}},"52":{"start":{"line":88,"column":20},"end":{"line":88,"column":29}},"53":{"start":{"line":91,"column":8},"end":{"line":91,"column":26}},"54":{"start":{"line":94,"column":8},"end":{"line":103,"column":49}},"55":{"start":{"line":106,"column":0},"end":{"line":106,"column":36}}},"fnMap":{"0":{"name":"(anonymous_0)","decl":{"start":{"line":5,"column":4},"end":{"line":5,"column":5}},"loc":{"start":{"line":5,"column":39},"end":{"line":14,"column":5}},"line":5},"1":{"name":"(anonymous_1)","decl":{"start":{"line":7,"column":42},"end":{"line":7,"column":43}},"loc":{"start":{"line":7,"column":66},"end":{"line":9,"column":9}},"line":7},"2":{"name":"(anonymous_2)","decl":{"start":{"line":10,"column":39},"end":{"line":10,"column":40}},"loc":{"start":{"line":10,"column":52},"end":{"line":12,"column":9}},"line":10},"3":{"name":"(anonymous_3)","decl":{"start":{"line":15,"column":4},"end":{"line":15,"column":5}},"loc":{"start":{"line":15,"column":30},"end":{"line":26,"column":5}},"line":15},"4":{"name":"(anonymous_4)","decl":{"start":{"line":27,"column":4},"end":{"line":27,"column":5}},"loc":{"start":{"line":27,"column":35},"end":{"line":52,"column":5}},"line":27},"5":{"name":"(anonymous_5)","decl":{"start":{"line":53,"column":4},"end":{"line":53,"column":5}},"loc":{"start":{"line":53,"column":32},"end":{"line":92,"column":5}},"line":53},"6":{"name":"(anonymous_6)","decl":{"start":{"line":93,"column":4},"end":{"line":93,"column":5}},"loc":{"start":{"line":93,"column":28},"end":{"line":104,"column":5}},"line":93}},"branchMap":{"0":{"loc":{"start":{"line":32,"column":16},"end":{"line":43,"column":17}},"type":"if","locations":[{"start":{"line":32,"column":16},"end":{"line":43,"column":17}},{"start":{"line":32,"column":16},"end":{"line":43,"column":17}}],"line":32},"1":{"loc":{"start":{"line":34,"column":20},"end":{"line":37,"column":21}},"type":"if","locations":[{"start":{"line":34,"column":20},"end":{"line":37,"column":21}},{"start":{"line":34,"column":20},"end":{"line":37,"column":21}}],"line":34},"2":{"loc":{"start":{"line":34,"column":24},"end":{"line":35,"column":70}},"type":"binary-expr","locations":[{"start":{"line":34,"column":24},"end":{"line":34,"column":62}},{"start":{"line":35,"column":27},"end":{"line":35,"column":70}}],"line":34},"3":{"loc":{"start":{"line":39,"column":20},"end":{"line":42,"column":21}},"type":"if","locations":[{"start":{"line":39,"column":20},"end":{"line":42,"column":21}},{"start":{"line":39,"column":20},"end":{"line":42,"column":21}}],"line":39},"4":{"loc":{"start":{"line":46,"column":8},"end":{"line":51,"column":9}},"type":"if","locations":[{"start":{"line":46,"column":8},"end":{"line":51,"column":9}},{"start":{"line":46,"column":8},"end":{"line":51,"column":9}}],"line":46},"5":{"loc":{"start":{"line":56,"column":12},"end":{"line":89,"column":13}},"type":"switch","locations":[{"start":{"line":57,"column":16},"end":{"line":59,"column":29}},{"start":{"line":60,"column":16},"end":{"line":62,"column":29}},{"start":{"line":63,"column":16},"end":{"line":65,"column":29}},{"start":{"line":66,"column":16},"end":{"line":68,"column":29}},{"start":{"line":69,"column":16},"end":{"line":71,"column":29}},{"start":{"line":72,"column":16},"end":{"line":74,"column":29}},{"start":{"line":75,"column":16},"end":{"line":77,"column":29}},{"start":{"line":78,"column":16},"end":{"line":80,"column":29}},{"start":{"line":81,"column":16},"end":{"line":83,"column":29}},{"start":{"line":84,"column":16},"end":{"line":86,"column":29}},{"start":{"line":87,"column":16},"end":{"line":88,"column":29}}],"line":56},"6":{"loc":{"start":{"line":94,"column":16},"end":{"line":103,"column":47}},"type":"binary-expr","locations":[{"start":{"line":94,"column":16},"end":{"line":94,"column":51}},{"start":{"line":95,"column":15},"end":{"line":95,"column":49}},{"start":{"line":96,"column":15},"end":{"line":96,"column":46}},{"start":{"line":97,"column":15},"end":{"line":97,"column":52}},{"start":{"line":98,"column":15},"end":{"line":98,"column":48}},{"start":{"line":99,"column":15},"end":{"line":99,"column":47}},{"start":{"line":100,"column":15},"end":{"line":100,"column":47}},{"start":{"line":101,"column":15},"end":{"line":101,"column":48}},{"start":{"line":102,"column":15},"end":{"line":102,"column":45}},{"start":{"line":103,"column":15},"end":{"line":103,"column":47}}],"line":94}},"s":{"0":1,"1":1,"2":16,"3":16,"4":59450,"5":16,"6":59450,"7":16,"8":17,"9":17,"10":59451,"11":59451,"12":3,"13":17,"14":17,"15":17,"16":59448,"17":59448,"18":646125,"19":646124,"20":646124,"21":246210,"22":646124,"23":646124,"24":646124,"25":646124,"26":17,"27":3,"28":14,"29":646124,"30":646124,"31":23260464,"32":646124,"33":646124,"34":646124,"35":646124,"36":646124,"37":646124,"38":646124,"39":646124,"40":646124,"41":646124,"42":646124,"43":646124,"44":646124,"45":646124,"46":646124,"47":646124,"48":646124,"49":646124,"50":646124,"51":646124,"52":16799224,"53":646124,"54":646125,"55":1},"f":{"0":16,"1":59450,"2":59450,"3":17,"4":17,"5":646124,"6":646125},"b":{"0":[646124,1],"1":[246210,399914],"2":[646124,646124],"3":[646124,0],"4":[3,14],"5":[646124,646124,646124,646124,646124,646124,646124,646124,646124,646124,16799224],"6":[646125,646125,646125,646125,646125,646125,646125,646125,646125,646125]},"_coverageSchema":"332fd63041d2c1bcb487cc26dd0d5f7d97098a6c","hash":"d354118c775b2211ce1f9ff33206a15fbca1cb1b","contentHash":"272ec0412bdcd4f97a3d01a453b4473f_11.3.0"},"E:\\CPSC 310\\cp123\\project_team092\\src\\controller\\QueryValidator.js":{"path":"E:\\CPSC 310\\cp123\\project_team092\\src\\controller\\QueryValidator.js","statementMap":{"0":{"start":{"line":2,"column":0},"end":{"line":2,"column":62}},"1":{"start":{"line":3,"column":25},"end":{"line":3,"column":52}},"2":{"start":{"line":6,"column":8},"end":{"line":6,"column":70}},"3":{"start":{"line":7,"column":8},"end":{"line":7,"column":75}},"4":{"start":{"line":8,"column":8},"end":{"line":8,"column":51}},"5":{"start":{"line":9,"column":8},"end":{"line":9,"column":111}},"6":{"start":{"line":10,"column":8},"end":{"line":10,"column":51}},"7":{"start":{"line":11,"column":8},"end":{"line":11,"column":33}},"8":{"start":{"line":12,"column":8},"end":{"line":12,"column":28}},"9":{"start":{"line":13,"column":8},"end":{"line":13,"column":30}},"10":{"start":{"line":14,"column":8},"end":{"line":14,"column":36}},"11":{"start":{"line":15,"column":8},"end":{"line":15,"column":36}},"12":{"start":{"line":18,"column":8},"end":{"line":20,"column":9}},"13":{"start":{"line":19,"column":12},"end":{"line":19,"column":25}},"14":{"start":{"line":21,"column":8},"end":{"line":21,"column":74}},"15":{"start":{"line":24,"column":8},"end":{"line":26,"column":9}},"16":{"start":{"line":25,"column":12},"end":{"line":25,"column":25}},"17":{"start":{"line":27,"column":8},"end":{"line":37,"column":9}},"18":{"start":{"line":28,"column":30},"end":{"line":28,"column":44}},"19":{"start":{"line":29,"column":12},"end":{"line":31,"column":13}},"20":{"start":{"line":30,"column":16},"end":{"line":30,"column":29}},"21":{"start":{"line":32,"column":12},"end":{"line":35,"column":13}},"22":{"start":{"line":34,"column":16},"end":{"line":34,"column":29}},"23":{"start":{"line":36,"column":12},"end":{"line":36,"column":45}},"24":{"start":{"line":38,"column":8},"end":{"line":38,"column":20}},"25":{"start":{"line":41,"column":8},"end":{"line":43,"column":9}},"26":{"start":{"line":42,"column":12},"end":{"line":42,"column":25}},"27":{"start":{"line":44,"column":8},"end":{"line":76,"column":9}},"28":{"start":{"line":45,"column":12},"end":{"line":47,"column":13}},"29":{"start":{"line":46,"column":16},"end":{"line":46,"column":29}},"30":{"start":{"line":48,"column":27},"end":{"line":48,"column":52}},"31":{"start":{"line":49,"column":27},"end":{"line":49,"column":46}},"32":{"start":{"line":50,"column":12},"end":{"line":52,"column":13}},"33":{"start":{"line":51,"column":16},"end":{"line":51,"column":29}},"34":{"start":{"line":53,"column":12},"end":{"line":53,"column":50}},"35":{"start":{"line":54,"column":12},"end":{"line":56,"column":13}},"36":{"start":{"line":55,"column":16},"end":{"line":55,"column":29}},"37":{"start":{"line":57,"column":29},"end":{"line":57,"column":53}},"38":{"start":{"line":58,"column":12},"end":{"line":60,"column":13}},"39":{"start":{"line":59,"column":16},"end":{"line":59,"column":29}},"40":{"start":{"line":61,"column":22},"end":{"line":61,"column":53}},"41":{"start":{"line":62,"column":12},"end":{"line":64,"column":13}},"42":{"start":{"line":63,"column":16},"end":{"line":63,"column":29}},"43":{"start":{"line":65,"column":12},"end":{"line":75,"column":13}},"44":{"start":{"line":66,"column":16},"end":{"line":68,"column":17}},"45":{"start":{"line":67,"column":20},"end":{"line":67,"column":33}},"46":{"start":{"line":70,"column":17},"end":{"line":75,"column":13}},"47":{"start":{"line":71,"column":16},"end":{"line":74,"column":17}},"48":{"start":{"line":73,"column":20},"end":{"line":73,"column":33}},"49":{"start":{"line":77,"column":8},"end":{"line":77,"column":20}},"50":{"start":{"line":80,"column":19},"end":{"line":80,"column":33}},"51":{"start":{"line":81,"column":8},"end":{"line":85,"column":9}},"52":{"start":{"line":82,"column":12},"end":{"line":84,"column":13}},"53":{"start":{"line":83,"column":16},"end":{"line":83,"column":29}},"54":{"start":{"line":86,"column":8},"end":{"line":91,"column":9}},"55":{"start":{"line":87,"column":12},"end":{"line":87,"column":82}},"56":{"start":{"line":90,"column":12},"end":{"line":90,"column":51}},"57":{"start":{"line":94,"column":8},"end":{"line":96,"column":9}},"58":{"start":{"line":95,"column":12},"end":{"line":95,"column":25}},"59":{"start":{"line":97,"column":8},"end":{"line":114,"column":9}},"60":{"start":{"line":98,"column":12},"end":{"line":112,"column":13}},"61":{"start":{"line":99,"column":16},"end":{"line":101,"column":17}},"62":{"start":{"line":100,"column":20},"end":{"line":100,"column":33}},"63":{"start":{"line":104,"column":37},"end":{"line":104,"column":53}},"64":{"start":{"line":105,"column":16},"end":{"line":107,"column":17}},"65":{"start":{"line":106,"column":20},"end":{"line":106,"column":33}},"66":{"start":{"line":108,"column":16},"end":{"line":111,"column":17}},"67":{"start":{"line":110,"column":20},"end":{"line":110,"column":33}},"68":{"start":{"line":113,"column":12},"end":{"line":113,"column":41}},"69":{"start":{"line":115,"column":8},"end":{"line":115,"column":20}},"70":{"start":{"line":118,"column":8},"end":{"line":141,"column":9}},"71":{"start":{"line":119,"column":12},"end":{"line":119,"column":48}},"72":{"start":{"line":121,"column":13},"end":{"line":141,"column":9}},"73":{"start":{"line":122,"column":12},"end":{"line":122,"column":25}},"74":{"start":{"line":125,"column":12},"end":{"line":127,"column":13}},"75":{"start":{"line":126,"column":16},"end":{"line":126,"column":29}},"76":{"start":{"line":128,"column":12},"end":{"line":130,"column":13}},"77":{"start":{"line":129,"column":16},"end":{"line":129,"column":29}},"78":{"start":{"line":131,"column":23},"end":{"line":131,"column":29}},"79":{"start":{"line":132,"column":12},"end":{"line":134,"column":13}},"80":{"start":{"line":133,"column":16},"end":{"line":133,"column":29}},"81":{"start":{"line":135,"column":12},"end":{"line":139,"column":13}},"82":{"start":{"line":136,"column":16},"end":{"line":138,"column":17}},"83":{"start":{"line":137,"column":20},"end":{"line":137,"column":33}},"84":{"start":{"line":140,"column":12},"end":{"line":140,"column":24}},"85":{"start":{"line":144,"column":8},"end":{"line":154,"column":9}},"86":{"start":{"line":145,"column":12},"end":{"line":145,"column":25}},"87":{"start":{"line":148,"column":12},"end":{"line":153,"column":13}},"88":{"start":{"line":149,"column":16},"end":{"line":149,"column":28}},"89":{"start":{"line":152,"column":16},"end":{"line":152,"column":46}},"90":{"start":{"line":157,"column":8},"end":{"line":178,"column":9}},"91":{"start":{"line":158,"column":12},"end":{"line":158,"column":25}},"92":{"start":{"line":161,"column":22},"end":{"line":161,"column":39}},"93":{"start":{"line":162,"column":24},"end":{"line":162,"column":43}},"94":{"start":{"line":163,"column":12},"end":{"line":177,"column":13}},"95":{"start":{"line":166,"column":20},"end":{"line":166,"column":53}},"96":{"start":{"line":168,"column":20},"end":{"line":168,"column":51}},"97":{"start":{"line":172,"column":20},"end":{"line":172,"column":54}},"98":{"start":{"line":174,"column":20},"end":{"line":174,"column":50}},"99":{"start":{"line":176,"column":20},"end":{"line":176,"column":33}},"100":{"start":{"line":181,"column":8},"end":{"line":183,"column":9}},"101":{"start":{"line":182,"column":12},"end":{"line":182,"column":25}},"102":{"start":{"line":184,"column":8},"end":{"line":184,"column":42}},"103":{"start":{"line":187,"column":8},"end":{"line":189,"column":9}},"104":{"start":{"line":188,"column":12},"end":{"line":188,"column":25}},"105":{"start":{"line":190,"column":8},"end":{"line":192,"column":9}},"106":{"start":{"line":191,"column":12},"end":{"line":191,"column":25}},"107":{"start":{"line":193,"column":19},"end":{"line":193,"column":51}},"108":{"start":{"line":194,"column":8},"end":{"line":209,"column":9}},"109":{"start":{"line":195,"column":12},"end":{"line":195,"column":25}},"110":{"start":{"line":198,"column":27},"end":{"line":198,"column":34}},"111":{"start":{"line":199,"column":25},"end":{"line":199,"column":32}},"112":{"start":{"line":200,"column":22},"end":{"line":200,"column":45}},"113":{"start":{"line":201,"column":12},"end":{"line":208,"column":13}},"114":{"start":{"line":202,"column":16},"end":{"line":202,"column":29}},"115":{"start":{"line":205,"column":16},"end":{"line":207,"column":53}},"116":{"start":{"line":212,"column":8},"end":{"line":214,"column":9}},"117":{"start":{"line":213,"column":12},"end":{"line":213,"column":25}},"118":{"start":{"line":215,"column":19},"end":{"line":215,"column":51}},"119":{"start":{"line":216,"column":8},"end":{"line":226,"column":9}},"120":{"start":{"line":217,"column":12},"end":{"line":217,"column":25}},"121":{"start":{"line":220,"column":27},"end":{"line":220,"column":34}},"122":{"start":{"line":221,"column":25},"end":{"line":221,"column":32}},"123":{"start":{"line":222,"column":22},"end":{"line":222,"column":45}},"124":{"start":{"line":223,"column":12},"end":{"line":225,"column":49}},"125":{"start":{"line":229,"column":8},"end":{"line":231,"column":9}},"126":{"start":{"line":230,"column":12},"end":{"line":230,"column":25}},"127":{"start":{"line":232,"column":8},"end":{"line":236,"column":9}},"128":{"start":{"line":233,"column":12},"end":{"line":235,"column":13}},"129":{"start":{"line":234,"column":16},"end":{"line":234,"column":29}},"130":{"start":{"line":237,"column":8},"end":{"line":237,"column":20}},"131":{"start":{"line":240,"column":8},"end":{"line":259,"column":9}},"132":{"start":{"line":241,"column":12},"end":{"line":254,"column":13}},"133":{"start":{"line":242,"column":16},"end":{"line":253,"column":17}},"134":{"start":{"line":243,"column":20},"end":{"line":243,"column":50}},"135":{"start":{"line":244,"column":20},"end":{"line":251,"column":21}},"136":{"start":{"line":245,"column":24},"end":{"line":245,"column":58}},"137":{"start":{"line":246,"column":24},"end":{"line":246,"column":58}},"138":{"start":{"line":249,"column":24},"end":{"line":249,"column":56}},"139":{"start":{"line":250,"column":24},"end":{"line":250,"column":56}},"140":{"start":{"line":252,"column":20},"end":{"line":252,"column":32}},"141":{"start":{"line":255,"column":12},"end":{"line":255,"column":25}},"142":{"start":{"line":258,"column":12},"end":{"line":258,"column":53}},"143":{"start":{"line":262,"column":8},"end":{"line":262,"column":30}},"144":{"start":{"line":265,"column":8},"end":{"line":265,"column":28}},"145":{"start":{"line":268,"column":8},"end":{"line":268,"column":33}},"146":{"start":{"line":271,"column":8},"end":{"line":271,"column":37}},"147":{"start":{"line":274,"column":8},"end":{"line":274,"column":51}},"148":{"start":{"line":277,"column":0},"end":{"line":277,"column":33}}},"fnMap":{"0":{"name":"(anonymous_0)","decl":{"start":{"line":5,"column":4},"end":{"line":5,"column":5}},"loc":{"start":{"line":5,"column":18},"end":{"line":16,"column":5}},"line":5},"1":{"name":"(anonymous_1)","decl":{"start":{"line":17,"column":4},"end":{"line":17,"column":5}},"loc":{"start":{"line":17,"column":31},"end":{"line":22,"column":5}},"line":17},"2":{"name":"(anonymous_2)","decl":{"start":{"line":23,"column":4},"end":{"line":23,"column":5}},"loc":{"start":{"line":23,"column":21},"end":{"line":39,"column":5}},"line":23},"3":{"name":"(anonymous_3)","decl":{"start":{"line":40,"column":4},"end":{"line":40,"column":5}},"loc":{"start":{"line":40,"column":21},"end":{"line":78,"column":5}},"line":40},"4":{"name":"(anonymous_4)","decl":{"start":{"line":79,"column":4},"end":{"line":79,"column":5}},"loc":{"start":{"line":79,"column":23},"end":{"line":92,"column":5}},"line":79},"5":{"name":"(anonymous_5)","decl":{"start":{"line":93,"column":4},"end":{"line":93,"column":5}},"loc":{"start":{"line":93,"column":23},"end":{"line":116,"column":5}},"line":93},"6":{"name":"(anonymous_6)","decl":{"start":{"line":117,"column":4},"end":{"line":117,"column":5}},"loc":{"start":{"line":117,"column":21},"end":{"line":142,"column":5}},"line":117},"7":{"name":"(anonymous_7)","decl":{"start":{"line":143,"column":4},"end":{"line":143,"column":5}},"loc":{"start":{"line":143,"column":21},"end":{"line":155,"column":5}},"line":143},"8":{"name":"(anonymous_8)","decl":{"start":{"line":156,"column":4},"end":{"line":156,"column":5}},"loc":{"start":{"line":156,"column":22},"end":{"line":179,"column":5}},"line":156},"9":{"name":"(anonymous_9)","decl":{"start":{"line":180,"column":4},"end":{"line":180,"column":5}},"loc":{"start":{"line":180,"column":23},"end":{"line":185,"column":5}},"line":180},"10":{"name":"(anonymous_10)","decl":{"start":{"line":186,"column":4},"end":{"line":186,"column":5}},"loc":{"start":{"line":186,"column":22},"end":{"line":210,"column":5}},"line":186},"11":{"name":"(anonymous_11)","decl":{"start":{"line":211,"column":4},"end":{"line":211,"column":5}},"loc":{"start":{"line":211,"column":26},"end":{"line":227,"column":5}},"line":211},"12":{"name":"(anonymous_12)","decl":{"start":{"line":228,"column":4},"end":{"line":228,"column":5}},"loc":{"start":{"line":228,"column":25},"end":{"line":238,"column":5}},"line":228},"13":{"name":"(anonymous_13)","decl":{"start":{"line":239,"column":4},"end":{"line":239,"column":5}},"loc":{"start":{"line":239,"column":31},"end":{"line":260,"colu
[...]
:{"start":{"line":75,"column":16},"end":{"line":77,"column":17}},"47":{"start":{"line":76,"column":20},"end":{"line":76,"column":77}},"48":{"start":{"line":78,"column":16},"end":{"line":78,"column":91}},"49":{"start":{"line":79,"column":16},"end":{"line":79,"column":22}},"50":{"start":{"line":81,"column":26},"end":{"line":81,"column":35}},"51":{"start":{"line":82,"column":16},"end":{"line":84,"column":17}},"52":{"start":{"line":83,"column":20},"end":{"line":83,"column":40}},"53":{"start":{"line":85,"column":16},"end":{"line":85,"column":45}},"54":{"start":{"line":86,"column":16},"end":{"line":86,"column":22}},"55":{"start":{"line":88,"column":26},"end":{"line":88,"column":27}},"56":{"start":{"line":89,"column":16},"end":{"line":91,"column":17}},"57":{"start":{"line":90,"column":20},"end":{"line":90,"column":38}},"58":{"start":{"line":92,"column":16},"end":{"line":92,"column":59}},"59":{"start":{"line":93,"column":16},"end":{"line":93,"column":22}},"60":{"start":{"line":97,"column":22},"end":{"line":97,"column":31}},"61":{"start":{"line":98,"column":20},"end":{"line":98,"column":22}},"62":{"start":{"line":100,"column":8},"end":{"line":106,"column":9}},"63":{"start":{"line":101,"column":12},"end":{"line":101,"column":34}},"64":{"start":{"line":102,"column":12},"end":{"line":104,"column":13}},"65":{"start":{"line":103,"column":16},"end":{"line":103,"column":59}},"66":{"start":{"line":105,"column":12},"end":{"line":105,"column":41}},"67":{"start":{"line":107,"column":23},"end":{"line":107,"column":30}},"68":{"start":{"line":108,"column":8},"end":{"line":129,"column":9}},"69":{"start":{"line":109,"column":12},"end":{"line":109,"column":101}},"70":{"start":{"line":109,"column":33},"end":{"line":109,"column":99}},"71":{"start":{"line":111,"column":13},"end":{"line":129,"column":9}},"72":{"start":{"line":112,"column":23},"end":{"line":112,"column":39}},"73":{"start":{"line":113,"column":12},"end":{"line":128,"column":15}},"74":{"start":{"line":114,"column":16},"end":{"line":126,"column":17}},"75":{"start":{"line":115,"column":20},"end":{"line":125,"column":21}},"76":{"start":{"line":116,"column":24},"end":{"line":116,"column":33}},"77":{"start":{"line":119,"column":24},"end":{"line":124,"column":25}},"78":{"start":{"line":120,"column":28},"end":{"line":120,"column":60}},"79":{"start":{"line":123,"column":28},"end":{"line":123,"column":60}},"80":{"start":{"line":127,"column":16},"end":{"line":127,"column":25}},"81":{"start":{"line":130,"column":8},"end":{"line":130,"column":21}},"82":{"start":{"line":133,"column":8},"end":{"line":138,"column":9}},"83":{"start":{"line":134,"column":12},"end":{"line":134,"column":59}},"84":{"start":{"line":137,"column":12},"end":{"line":137,"column":46}},"85":{"start":{"line":141,"column":18},"end":{"line":141,"column":35}},"86":{"start":{"line":142,"column":20},"end":{"line":142,"column":39}},"87":{"start":{"line":143,"column":8},"end":{"line":182,"column":9}},"88":{"start":{"line":145,"column":36},"end":{"line":145,"column":38}},"89":{"start":{"line":146,"column":16},"end":{"line":148,"column":17}},"90":{"start":{"line":147,"column":20},"end":{"line":147,"column":86}},"91":{"start":{"line":149,"column":40},"end":{"line":149,"column":56}},"92":{"start":{"line":150,"column":16},"end":{"line":152,"column":17}},"93":{"start":{"line":151,"column":20},"end":{"line":151,"column":99}},"94":{"start":{"line":151,"column":72},"end":{"line":151,"column":96}},"95":{"start":{"line":153,"column":16},"end":{"line":153,"column":62}},"96":{"start":{"line":155,"column":35},"end":{"line":155,"column":44}},"97":{"start":{"line":156,"column":16},"end":{"line":160,"column":17}},"98":{"start":{"line":157,"column":20},"end":{"line":159,"column":21}},"99":{"start":{"line":158,"column":24},"end":{"line":158,"column":50}},"100":{"start":{"line":161,"column":16},"end":{"line":161,"column":57}},"101":{"start":{"line":163,"column":34},"end":{"line":163,"column":73}},"102":{"start":{"line":164,"column":35},"end":{"line":164,"column":65}},"103":{"start":{"line":165,"column":29},"end":{"line":165,"column":31}},"104":{"start":{"line":166,"column":16},"end":{"line":170,"column":17}},"105":{"start":{"line":167,"column":20},"end":{"line":169,"column":21}},"106":{"start":{"line":168,"column":24},"end":{"line":168,"column":46}},"107":{"start":{"line":171,"column":16},"end":{"line":171,"column":30}},"108":{"start":{"line":173,"column":16},"end":{"line":173,"column":52}},"109":{"start":{"line":175,"column":16},"end":{"line":175,"column":52}},"110":{"start":{"line":177,"column":16},"end":{"line":177,"column":52}},"111":{"start":{"line":179,"column":16},"end":{"line":179,"column":42}},"112":{"start":{"line":181,"column":16},"end":{"line":181,"column":26}},"113":{"start":{"line":185,"column":21},"end":{"line":185,"column":23}},"114":{"start":{"line":186,"column":19},"end":{"line":186,"column":40}},"115":{"start":{"line":187,"column":18},"end":{"line":187,"column":41}},"116":{"start":{"line":188,"column":26},"end":{"line":188,"column":65}},"117":{"start":{"line":189,"column":8},"end":{"line":213,"column":9}},"118":{"start":{"line":191,"column":16},"end":{"line":195,"column":17}},"119":{"start":{"line":192,"column":20},"end":{"line":194,"column":21}},"120":{"start":{"line":193,"column":24},"end":{"line":193,"column":45}},"121":{"start":{"line":196,"column":16},"end":{"line":196,"column":30}},"122":{"start":{"line":198,"column":16},"end":{"line":202,"column":17}},"123":{"start":{"line":199,"column":20},"end":{"line":201,"column":21}},"124":{"start":{"line":200,"column":24},"end":{"line":200,"column":45}},"125":{"start":{"line":203,"column":16},"end":{"line":203,"column":30}},"126":{"start":{"line":205,"column":16},"end":{"line":209,"column":17}},"127":{"start":{"line":206,"column":20},"end":{"line":208,"column":21}},"128":{"start":{"line":207,"column":24},"end":{"line":207,"column":45}},"129":{"start":{"line":210,"column":16},"end":{"line":210,"column":30}},"130":{"start":{"line":212,"column":16},"end":{"line":212,"column":26}},"131":{"start":{"line":216,"column":21},"end":{"line":216,"column":23}},"132":{"start":{"line":217,"column":19},"end":{"line":217,"column":40}},"133":{"start":{"line":218,"column":18},"end":{"line":218,"column":41}},"134":{"start":{"line":219,"column":26},"end":{"line":219,"column":65}},"135":{"start":{"line":220,"column":8},"end":{"line":247,"column":9}},"136":{"start":{"line":221,"column":12},"end":{"line":225,"column":13}},"137":{"start":{"line":222,"column":16},"end":{"line":224,"column":17}},"138":{"start":{"line":223,"column":20},"end":{"line":223,"column":41}},"139":{"start":{"line":227,"column":13},"end":{"line":247,"column":9}},"140":{"start":{"line":228,"column":12},"end":{"line":232,"column":13}},"141":{"start":{"line":229,"column":16},"end":{"line":231,"column":17}},"142":{"start":{"line":230,"column":20},"end":{"line":230,"column":41}},"143":{"start":{"line":234,"column":13},"end":{"line":247,"column":9}},"144":{"start":{"line":235,"column":12},"end":{"line":239,"column":13}},"145":{"start":{"line":236,"column":16},"end":{"line":238,"column":17}},"146":{"start":{"line":237,"column":20},"end":{"line":237,"column":41}},"147":{"start":{"line":242,"column":12},"end":{"line":246,"column":13}},"148":{"start":{"line":243,"column":16},"end":{"line":245,"column":17}},"149":{"start":{"line":244,"column":20},"end":{"line":244,"column":41}},"150":{"start":{"line":248,"column":8},"end":{"line":248,"column":22}},"151":{"start":{"line":251,"column":8},"end":{"line":251,"column":31}},"152":{"start":{"line":254,"column":8},"end":{"line":254,"column":28}},"153":{"start":{"line":257,"column":0},"end":{"line":257,"column":30}}},"fnMap":{"0":{"name":"(anonymous_0)","decl":{"start":{"line":6,"column":4},"end":{"line":6,"column":5}},"loc":{"start":{"line":6,"column":18},"end":{"line":9,"column":5}},"line":6},"1":{"name":"(anonymous_1)","decl":{"start":{"line":10,"column":4},"end":{"line":10,"column":5}},"loc":{"start":{"line":10,"column":28},"end":{"line":21,"column":5}},"line":10},"2":{"name":"(anonymous_2)","decl":{"start":{"line":22,"column":4},"end":{"line":22,"column":5}},"loc":{"start":{"line":22,"column":32},"end":{"line":39,"column":5}},"line":22},"3":{"name":"(anonymous_3)","decl":{"start":{"line":40,"column":4},"end":{"line":40,"column":5}},"loc":{"start":{"line":40,"column":34},"end":{"line":56,"column":5}},"line":40},"4":{"name":"(anonymous_4)","decl":{"start":{"line":57,"column":4},"end":{"line":57,"column":5}},"loc":{"start":{"line":57,"column":57},"end":{"line":95,"column":5}},"line":57},"5":{"name":"(anonymous_5)","decl":{"start":{"line":96,"column":4},"end":{"line":96,"column":5}},"loc":{"start":{"line":96,"column":32},"end":{"line":131,"column":5}},"line":96},"6":{"name":"(anonymous_6)","decl":{"start":{"line":109,"column":23},"end":{"line":109,"column":24}},"loc":{"start":{"line":109,"column":33},"end":{"line":109,"column":99}},"line":109},"7":{"name":"(anonymous_7)","decl":{"start":{"line":113,"column":23},"end":{"line":113,"column":24}},"loc":{"start":{"line":113,"column":33},"end":{"line":128,"column":13}},"line":113},"8":{"name":"(anonymous_8)","decl":{"start":{"line":132,"column":4},"end":{"line":132,"column":5}},"loc":{"start":{"line":132,"column":25},"end":{"line":139,"column":5}},"line":132},"9":{"name":"(anonymous_9)","decl":{"start":{"line":140,"column":4},"end":{"line":140,"column":5}},"loc":{"start":{"line":140,"column":26},"end":{"line":183,"column":5}},"line":140},"10":{"name":"(anonymous_10)","decl":{"start":{"line":151,"column":65},"end":{"line":151,"column":66}},"loc":{"start":{"line":151,"column":72},"end":{"line":151,"column":96}},"line":151},"11":{"name":"(anonymous_11)","decl":{"start":{"line":184,"column":4},"end":{"line":184,"column":5}},"loc":{"start":{"line":184,"column":28},"end":{"line":214,"column":5}},"line":184},"12":{"name":"(anonymous_12)","decl":{"start":{"line":215,"column":4},"end":{"line":215,"column":5}},"loc":{"start":{"line":215,"column":18},"end":{"line":249,"column":5}},"line":215},"13":{"name":"(anonymous_13)","decl":{"start":{"line":250,"column":4},"end":{"line":250,"column":5}},"loc":{"start":{"line":250,"column":24},"end":{"line":252,"column":5}},"line":250},"14":{"name":"(anonymous_14)","decl":{"start":{"line":253,"column":4},"end":{"line":253,"column":5}},"loc":{"start":{"line":253,"column":21},"end":{"line":255,"column":5}},"line":253}},"branchMap":{"0":{"loc":{"start":{"line":12,"column":8},"end":{"line":14,"column":9}},"type":"if","locations":[{"start":{"line":12,"column":8},"end":{"line":14,"column":9}},{"start":{"line":12,"column":8},"end":{"line":14,"column":9}}],"line":12},"1":{"loc":{"start":{"line":15,"column":8},"end":{"line":20,"column":9}},"type":"if","locations":[{"start":{"line":15,"column":8},"end":{"line":20,"column":9}},{"start":{"line":15,"column":8},"end":{"line":20,"column":9}}],"line":15},"2":{"loc":{"start":{"line":31,"column":12},"end":{"line":36,"column":13}},"type":"if","locations":[{"start":{"line":31,"column":12},"end":{"line":36,"column":13}},{"start":{"line":31,"column":12},"end":{"line":36,"column":13}}],"line":31},"3":{"loc":{"start":{"line":58,"column":8},"end":{"line":94,"column":9}},"type":"switch","locations":[{"start":{"line":59,"column":12},"end":{"line":65,"column":22}},{"start":{"line":66,"column":12},"end":{"line":72,"column":22}},{"start":{"line":73,"column":12},"end":{"line":79,"column":22}},{"start":{"line":80,"column":12},"end":{"line":86,"column":22}},{"start":{"line":87,"column":12},"end":{"line":93,"column":22}}],"line":58},"4":{"loc":{"start":{"line":108,"column":8},"end":{"line":129,"column":9}},"type":"if","locations":[{"start":{"line":108,"column":8},"end":{"line":129,"column":9}},{"start":{"line":108,"column":8},"end":{"line":129,"column":9}}],"line":108},"5":{"loc":{"start":{"line":109,"column":33},"end":{"line":109,"column":99}},"type":"cond-expr","locations":[{"start":{"line":109,"column":61},"end":{"line":109,"column":63}},{"start":{"line":109,"column":66},"end":{"line":109,"column":99}}],"line":109},"6":{"loc":{"start":{"line":109,"column":66},"end":{"line":109,"column":99}},"type":"cond-expr","locations":[{"start":{"line":109,"column":94},"end":{"line":109,"column":95}},{"start":{"line":109,"column":98},"end":{"line":109,"column":99}}],"line":109},"7":{"loc":{"start":{"line":111,"column":13},"end":{"line":129,"column":9}},"type":"if","locations":[{"start":{"line":111,"column":13},"end":{"line":129,"column":9}},{"start":{"line":111,"column":13},"end":{"line":129,"column":9}}],"line":111},"8":{"loc":{"start":{"line":115,"column":20},"end":{"line":125,"column":21}},"type":"if","locations":[{"start":{"line":115,"column":20},"end":{"line":125,"column":21}},{"start":{"line":115,"column":20},"end":{"line":125,"column":21}}],"line":115},"9":{"loc":{"start":{"line":119,"column":24},"end":{"line":124,"column":25}},"type":"if","locations":[{"start":{"line":119,"column":24},"end":{"line":124,"column":25}},{"start":{"line":119,"column":24},"end":{"line":124,"column":25}}],"line":119},"10":{"loc":{"start":{"line":120,"column":35},"end":{"line":120,"column":59}},"type":"cond-expr","locations":[{"start":{"line":120,"column":53},"end":{"line":120,"column":55}},{"start":{"line":120,"column":58},"end":{"line":120,"column":59}}],"line":120},"11":{"loc":{"start":{"line":123,"column":35},"end":{"line":123,"column":59}},"type":"cond-expr","locations":[{"start":{"line":123,"column":53},"end":{"line":123,"column":54}},{"start":{"line":123,"column":57},"end":{"line":123,"column":59}}],"line":123},"12":{"loc":{"start":{"line":133,"column":8},"end":{"line":138,"column":9}},"type":"if","locations":[{"start":{"line":133,"column":8},"end":{"line":138,"column":9}},{"start":{"line":133,"column":8},"end":{"line":138,"column":9}}],"line":133},"13":{"loc":{"start":{"line":143,"column":8},"end":{"line":182,"column":9}},"type":"switch","locations":[{"start":{"line":144,"column":12},"end":{"line":153,"column":62}},{"start":{"line":154,"column":12},"end":{"line":161,"column":57}},{"start":{"line":162,"column":12},"end":{"line":171,"column":30}},{"start":{"line":172,"column":12},"end":{"line":173,"column":52}},{"start":{"line":174,"column":12},"end":{"line":175,"column":52}},{"start":{"line":176,"column":12},"end":{"line":177,"column":52}},{"start":{"line":178,"column":12},"end":{"line":179,"column":42}},{"start":{"line":180,"column":12},"end":{"line":181,"column":26}}],"line":143},"14":{"loc":{"start":{"line":167,"column":20},"end":{"line":169,"column":21}},"type":"if","locations":[{"start":{"line":167,"column":20},"end":{"line":169,"column":21}},{"start":{"line":167,"column":20},"end":{"line":169,"column":21}}],"line":167},"15":{"loc":{"start":{"line":189,"column":8},"end":{"line":213,"column":9}},"type":"switch","locations":[{"start":{"line":190,"column":12},"end":{"line":196,"column":30}},{"start":{"line":197,"column":12},"end":{"line":203,"column":30}},{"start":{"line":204,"column":12},"end":{"line":210,"column":30}},{"start":{"line":211,"column":12},"end":{"line":212,"column":26}}],"line":189},"16":{"loc":{"start":{"line":192,"column":20},"end":{"line":194,"column":21}},"type":"if","locations":[{"start":{"line":192,"column":20},"end":{"line":194,"column":21}},{"start":{"line":192,"column":20},"end":{"line":194,"column":21}}],"line":192},"17":{"loc":{"start":{"line":199,"column":20},"end":{"line":201,"column":21}},"type":"if","locations":[{"start":{"line":199,"column":20},"end":{"line":201,"column":21}},{"start":{"line":199,"column":20},"end":{"line":201,"column":21}}],"line":199},"18":{"loc":{"start":{"line":206,"column":20},"end":{"line":208,"column":21}},"type":"if","locations":[{"start":{"line":206,"column":20},"end":{"line":208,"column":21}},{"start":{"line":206,"column":20},"end":{"line":208,"column":21}}],"line":206},"19":{"loc":{"start":{"line":220,"column":8},"end":{"line":247,"column":9}},"type":"if","locations":[{"start":{"line":220,"column":8},"end":{"line":247,"column":9}},{"start":{"line":220,"column":8},"end":{"line":247,"column":9}}],"line":220},"20":{"loc":{"start":{"line":220,"column":12},"end":{"line":220,"column":60}},"type":"binary-expr","locations":[{"start":{"line":220,"column":12},"end":{"line":220,"column":35}},{"start":{"line":220,"column":39},"end":{"line":220,"column":60}}],"line":220},"21":{"loc":{"start":{"line":222,"column":16},"end":{"line":224,"column":17}},"type":"if","locations":[{"start":{"line":222,"column":16},"end":{"line":224,"column":17}},{"start":{"line":222,"column":16},"end":{"line":224,"column":17}}],"line":222},"22":{"loc":{"start":{"line":227,"column":13},"end":{"line":247,"column":9}},"type":"if","locations":[{"start":{"line":227,"column":13},"end":{"line":247,"column":9}},{"start":{"line":227,"column":13},"end":{"line":247,"column":9}}],"line":227},"23":{"loc":{"start":{"line":229,"column":16},"end":{"line":231,"column":17}},"type":"if","locations":[{"start":{"line":229,"column":16},"end":{"line":231,"column":17}},{"start":{"line":229,"column":16},"end":{"line":231,"column":17}}],"line":229},"24":{"loc":{"start":{"line":234,"column":13},"end":{"line":247,"column":9}},"type":"if","locations":[{"start":{"line":234,"column":13},"end":{"line":247,"column":9}},{"start":{"line":234,"column":13},"end":{"line":247,"column":9}}],"line":234},"25":{"loc":{"start":{"line":236,"column":16},"end":{"line":238,"column":17}},"type":"if","locations":[{"start":{"line":236,"column":16},"end":{"line":238,"column":17}},{"start":{"line":236,"column":16},"end":{"line":238,"column":17}}],"line":236},"26":{"loc":{"start":{"line":243,"column":16},"end":{"line":245,"column":17}},"type":"if","locations":[{"start":{"line":243,"column":16},"end":{"line":245,"column":17}},{"start":{"line":243,"column":16},"end":{"line":245,"column":17}}],"line":243}},"s":{"0":1,"1":1,"2":1,"3":36,"4":36,"5":56,"6":56,"7":12,"8":56,"9":6,"10":50,"11":12,"12":12,"13":12,"14":12,"15":389994,"16":389994,"17":389994,"18":389994,"19":15344,"20":374650,"21":12,"22":12,"23":12,"24":15344,"25":15344,"26":15344,"27":15344,"28":11670,"29":11670,"30":11670,"31":11670,"32":15344,"33":12,"34":11670,"35":40,"36":40,"37":100,"38":40,"39":40,"40":30,"41":30,"42":60,"43":30,"44":30,"45":11518,"46":11518,"47":196118,"48":11518,"49":11518,"50":52,"51":52,"52":129284,"53":52,"54":52,"55":30,"56":30,"57":60,"58":30,"59":30,"60":50,"61":50,"62":50,"63":22546,"64":22546,"65":47371,"66":22546,"67":50,"68":50,"69":32,"70":31874,"71":18,"72":11,"73":11,"74":47604,"75":48897,"76":2398,"77":46499,"78":41420,"79":5079,"80":1105,"81":50,"82":56,"83":14,"84":42,"85":128,"86":128,"87":128,"88":19,"89":19,"90":56,"91":19,"92":19,"93":56,"94":1004695,"95":19,"96":11,"97":11,"98":25,"99":4616,"100":11,"101":5,"102":5,"103":5,"104":5,"105":323060,"106":248646,"107":5,"108":33,"109":11,"110":16,"111":33,"112":0,"113":60,"114":60,"115":60,"116":60,"117":60,"118":33,"119":1875204,"120":227136,"121":33,"122":11,"123":646484,"124":433495,"125":11,"126":16,"127":1033792,"128":53619,"129":16,"130":0,"131":33,"132":33,"133":33,"134":33,"135":33,"136":8,"137":324152,"138":181033,"139":25,"140":1,"141":64612,"142":214,"143":24,"144":4,"145":258448,"146":8454,"147":20,"148":1292240,"149":69067,"150":33,"151":56,"152":56,"153":1},"f":{"0":36,"1":56,"2":12,"3":12,"4":11670,"5":50,"6":31874,"7":47604,"8":56,"9":128,"10":1004695,"11":60,"12":33,"13":56,"14":56},"b":{"0":[12,44],"1":[6,50],"2":[15344,374650],"3":[40,30,11518,52,30],"4":[32,18],"5":[16046,15828],"6":[12000,3828],"7":[11,7],"8":[2398,46499],"9":[41420,5079],"10":[21677,19743],"11":[1846,3233],"12":[14,42],"13":[19,11,5,33,11,16,33,0],"14":[248646,74414],"15":[33,11,16,0],"16":[227136,1648068],"17":[433495,212989],"18":[53619,980173],"19":[8,25],"20":[33,9],"21":[181033,143119],"22":[1,24],"23":[214,64398],"24":[4,20],"25":[8454,249994],"26":[69067,1223173]},"_coverageSchema":"332fd63041d2c1bcb487cc26dd0d5f7d97098a6c","hash":"d5cfe20878f0d9b6ed10a044667b719d144cf135","contentHash":"50229304b7e9d2c06626c8aa67cef049_11.3.0"}}